
Starting:    C:\Microsemi\Libero_SoC_v11.8\SynplifyPro\bin64\mbin\synbatch.exe
Install:     C:\Microsemi\Libero_SoC_v11.8\SynplifyPro
Hostname:    DESKTOP-8PFHB4C
Date:        Tue Dec 03 23:13:24 2019
Version:     L-2016.09M-2

Arguments:   -product synplify_pro -licensetype synplifypro_actel -batch -log synplify.log cariomart_toplevel_syn.tcl
ProductType: synplify_pro

License checkout: synplifypro_actel
License: synplifypro_actel node-locked 
Licensed Vendor: actel
License Option: actel_oem

Running in Vendor Mode


auto_infer_blackbox is not supported in current product.

log file: "C:\Microsemi\Projects\cariomart_cc\synthesis\cariomart_toplevel.srr"

Running: synthesis in foreground



Running cariomart_toplevel_syn|synthesis


Running: compile (Compile) on cariomart_toplevel_syn|synthesis
# Tue Dec 03 23:13:24 2019


Running: compile_flow (Compile Process) on cariomart_toplevel_syn|synthesis
# Tue Dec 03 23:13:24 2019


Running: compiler (Compile Input) on cariomart_toplevel_syn|synthesis
# Tue Dec 03 23:13:24 2019

Copied C:\Microsemi\Projects\cariomart_cc\synthesis\synwork\cariomart_toplevel_comp.srs to C:\Microsemi\Projects\cariomart_cc\synthesis\cariomart_toplevel.srs


compiler completed
# Tue Dec 03 23:13:26 2019

Return Code: 0
Run Time:00h:00m:02s


Running: multi_srs_gen (Multi-srs Generator) on cariomart_toplevel_syn|synthesis
# Tue Dec 03 23:13:26 2019


multi_srs_gen completed
# Tue Dec 03 23:13:26 2019

Return Code: 0
Run Time:00h:00m:00s

Copied C:\Microsemi\Projects\cariomart_cc\synthesis\synwork\cariomart_toplevel_mult.srs to C:\Microsemi\Projects\cariomart_cc\synthesis\cariomart_toplevel.srs

Complete: Compile Process on cariomart_toplevel_syn|synthesis


Running: premap (Pre-mapping) on cariomart_toplevel_syn|synthesis
# Tue Dec 03 23:13:26 2019


premap completed
# Tue Dec 03 23:13:27 2019

Return Code: 0
Run Time:00h:00m:01s

Complete: Compile on cariomart_toplevel_syn|synthesis


Running: map (Map) on cariomart_toplevel_syn|synthesis
# Tue Dec 03 23:13:27 2019

License granted for 4 parallel jobs


Running: fpga_mapper (Map & Optimize) on cariomart_toplevel_syn|synthesis
# Tue Dec 03 23:13:27 2019

Copied C:\Microsemi\Projects\cariomart_cc\synthesis\synwork\cariomart_toplevel_m.srm to C:\Microsemi\Projects\cariomart_cc\synthesis\cariomart_toplevel.srm


fpga_mapper completed
# Tue Dec 03 23:13:28 2019

Return Code: 0
Run Time:00h:00m:01s

Complete: Map on cariomart_toplevel_syn|synthesis

Complete: Logic Synthesis on cariomart_toplevel_syn|synthesis

TCL script complete: "cariomart_toplevel_syn.tcl"

exit status=0

exit status=0

License checkin: synplifypro_actel

