Target Part: A2F200M3F_FBGA484_STD
Report for cell cariomart_toplevel.verilog
  Core Cell usage:
              cell count     area count*area
              AOI1     1      1.0        1.0
              AX1C     1      1.0        1.0
               GND     4      0.0        0.0
           MSS_APB     1      0.0        0.0
           MSS_CCC     1      0.0        0.0
               MX2     1      1.0        1.0
              NOR2    12      1.0       12.0
             NOR2A    29      1.0       29.0
             NOR2B    16      1.0       16.0
             NOR3A    13      1.0       13.0
             NOR3C    10      1.0       10.0
              OA1C     1      1.0        1.0
               OR2    14      1.0       14.0
              OR2A    17      1.0       17.0
               OR3    42      1.0       42.0
              OR3A     2      1.0        2.0
             RCOSC     1      0.0        0.0
               VCC     4      0.0        0.0
             XNOR2    27      1.0       27.0


              DFN1    32      1.0       32.0
            DFN1E1     1      1.0        1.0
                   -----          ----------
             TOTAL   230               219.0


  IO Cell usage:
              cell count
             INBUF     2
         INBUF_MSS     3
            OUTBUF     3
        OUTBUF_MSS     2
                   -----
             TOTAL    10


Core Cells         : 219 of 4608 (5%)
IO Cells           : 10

  RAM/ROM Usage Summary
Block Rams : 0 of 8 (0%)

