
cariomart_mss_MSS_CM3_0_app:     file format elf32-littlearm

Sections:
Idx Name          Size      VMA       LMA       File off  Algn
  0 .text         00000fec  20000000  20000000  00008000  2**4
                  CONTENTS, ALLOC, LOAD, READONLY, CODE
  1 .data         0000001c  20000fec  20000fec  00008fec  2**2
                  CONTENTS, ALLOC, LOAD, DATA
  2 .bss          00000068  20001008  20001008  00009008  2**2
                  ALLOC
  3 .stack        00003000  20001070  20001070  00009008  2**0
                  ALLOC
  4 .comment      000000d7  00000000  00000000  00009008  2**0
                  CONTENTS, READONLY
  5 .debug_aranges 00000288  00000000  00000000  000090df  2**0
                  CONTENTS, READONLY, DEBUGGING
  6 .debug_pubnames 0000058d  00000000  00000000  00009367  2**0
                  CONTENTS, READONLY, DEBUGGING
  7 .debug_info   00003169  00000000  00000000  000098f4  2**0
                  CONTENTS, READONLY, DEBUGGING
  8 .debug_abbrev 000006da  00000000  00000000  0000ca5d  2**0
                  CONTENTS, READONLY, DEBUGGING
  9 .debug_line   0000144e  00000000  00000000  0000d137  2**0
                  CONTENTS, READONLY, DEBUGGING
 10 .debug_frame  00000834  00000000  00000000  0000e588  2**2
                  CONTENTS, READONLY, DEBUGGING
 11 .debug_str    00001910  00000000  00000000  0000edbc  2**0
                  CONTENTS, READONLY, DEBUGGING
 12 .debug_loc    00000d6e  00000000  00000000  000106cc  2**0
                  CONTENTS, READONLY, DEBUGGING
 13 .debug_macinfo 00020b74  00000000  00000000  0001143a  2**0
                  CONTENTS, READONLY, DEBUGGING
 14 .ARM.attributes 00000025  00000000  00000000  00031fae  2**0
                  CONTENTS, READONLY
 15 .debug_ranges 00000260  00000000  00000000  00031fd3  2**0
                  CONTENTS, READONLY, DEBUGGING

Disassembly of section .text:

20000000 <__text_start>:
20000000:	20010000 	.word	0x20010000
20000004:	20000299 	.word	0x20000299
20000008:	20000309 	.word	0x20000309
2000000c:	2000030b 	.word	0x2000030b
20000010:	2000030d 	.word	0x2000030d
20000014:	2000030f 	.word	0x2000030f
20000018:	20000311 	.word	0x20000311
	...
2000002c:	20000313 	.word	0x20000313
20000030:	20000315 	.word	0x20000315
20000034:	00000000 	.word	0x00000000
20000038:	20000317 	.word	0x20000317
2000003c:	20000319 	.word	0x20000319
20000040:	2000031b 	.word	0x2000031b
20000044:	2000031d 	.word	0x2000031d
20000048:	2000031f 	.word	0x2000031f
2000004c:	20000321 	.word	0x20000321
20000050:	20000323 	.word	0x20000323
20000054:	20000325 	.word	0x20000325
20000058:	20000327 	.word	0x20000327
2000005c:	20000329 	.word	0x20000329
20000060:	2000032b 	.word	0x2000032b
20000064:	2000032d 	.word	0x2000032d
20000068:	20000cd1 	.word	0x20000cd1
2000006c:	20000cfd 	.word	0x20000cfd
20000070:	20000333 	.word	0x20000333
20000074:	20000335 	.word	0x20000335
20000078:	20000337 	.word	0x20000337
2000007c:	20000339 	.word	0x20000339
20000080:	2000033b 	.word	0x2000033b
20000084:	2000033d 	.word	0x2000033d
20000088:	2000033f 	.word	0x2000033f
2000008c:	20000341 	.word	0x20000341
20000090:	20000343 	.word	0x20000343
20000094:	20000345 	.word	0x20000345
20000098:	20000347 	.word	0x20000347
2000009c:	20000349 	.word	0x20000349
200000a0:	2000034b 	.word	0x2000034b
	...
200000bc:	2000034d 	.word	0x2000034d
200000c0:	2000034f 	.word	0x2000034f
200000c4:	20000351 	.word	0x20000351
200000c8:	20000353 	.word	0x20000353
200000cc:	20000355 	.word	0x20000355
200000d0:	20000357 	.word	0x20000357
200000d4:	20000359 	.word	0x20000359
200000d8:	2000035b 	.word	0x2000035b
200000dc:	2000035d 	.word	0x2000035d
200000e0:	2000035f 	.word	0x2000035f
200000e4:	20000361 	.word	0x20000361
200000e8:	20000363 	.word	0x20000363
200000ec:	20000365 	.word	0x20000365
200000f0:	20000367 	.word	0x20000367
200000f4:	20000369 	.word	0x20000369
200000f8:	2000036b 	.word	0x2000036b
200000fc:	2000036d 	.word	0x2000036d
20000100:	2000036f 	.word	0x2000036f
20000104:	20000371 	.word	0x20000371
20000108:	20000373 	.word	0x20000373
2000010c:	20000375 	.word	0x20000375
20000110:	20000377 	.word	0x20000377
20000114:	20000379 	.word	0x20000379
20000118:	2000037b 	.word	0x2000037b
2000011c:	2000037d 	.word	0x2000037d
20000120:	2000037f 	.word	0x2000037f
20000124:	20000381 	.word	0x20000381
20000128:	20000383 	.word	0x20000383
2000012c:	20000385 	.word	0x20000385
20000130:	20000387 	.word	0x20000387
20000134:	20000389 	.word	0x20000389
20000138:	2000038b 	.word	0x2000038b
2000013c:	2000038d 	.word	0x2000038d
20000140:	2000038f 	.word	0x2000038f
20000144:	20000391 	.word	0x20000391
20000148:	20000393 	.word	0x20000393
2000014c:	20000395 	.word	0x20000395
20000150:	20000397 	.word	0x20000397
20000154:	20000399 	.word	0x20000399
20000158:	2000039b 	.word	0x2000039b
2000015c:	2000039d 	.word	0x2000039d
20000160:	2000039f 	.word	0x2000039f
20000164:	200003a1 	.word	0x200003a1
20000168:	200003a3 	.word	0x200003a3
2000016c:	200003a5 	.word	0x200003a5
20000170:	200003a7 	.word	0x200003a7
20000174:	200003a9 	.word	0x200003a9
20000178:	200003ab 	.word	0x200003ab
2000017c:	200003ad 	.word	0x200003ad
20000180:	200003af 	.word	0x200003af
20000184:	200003b1 	.word	0x200003b1
20000188:	200003b3 	.word	0x200003b3
2000018c:	200003b5 	.word	0x200003b5
20000190:	200003b7 	.word	0x200003b7
20000194:	200003b9 	.word	0x200003b9
20000198:	200003bb 	.word	0x200003bb
2000019c:	200003bd 	.word	0x200003bd
200001a0:	200003bf 	.word	0x200003bf
200001a4:	200003c1 	.word	0x200003c1
200001a8:	200003c3 	.word	0x200003c3
200001ac:	200003c5 	.word	0x200003c5
200001b0:	200003c7 	.word	0x200003c7
200001b4:	200003c9 	.word	0x200003c9
200001b8:	200003cb 	.word	0x200003cb
200001bc:	200003cd 	.word	0x200003cd
200001c0:	200003cf 	.word	0x200003cf
200001c4:	200003d1 	.word	0x200003d1
200001c8:	200003d3 	.word	0x200003d3
200001cc:	200003d5 	.word	0x200003d5
200001d0:	200003d7 	.word	0x200003d7
200001d4:	200003d9 	.word	0x200003d9
200001d8:	200003db 	.word	0x200003db
200001dc:	200003dd 	.word	0x200003dd
200001e0:	200003df 	.word	0x200003df
200001e4:	200003e1 	.word	0x200003e1
200001e8:	200003e3 	.word	0x200003e3
200001ec:	200003e5 	.word	0x200003e5
200001f0:	200003e7 	.word	0x200003e7
200001f4:	200003e9 	.word	0x200003e9
200001f8:	200003eb 	.word	0x200003eb
200001fc:	200003ed 	.word	0x200003ed
20000200:	200003ef 	.word	0x200003ef
20000204:	200003f1 	.word	0x200003f1
20000208:	200003f3 	.word	0x200003f3
2000020c:	200003f5 	.word	0x200003f5
20000210:	200003f7 	.word	0x200003f7
20000214:	200003f9 	.word	0x200003f9
20000218:	200003fb 	.word	0x200003fb
2000021c:	200003fd 	.word	0x200003fd
20000220:	200003ff 	.word	0x200003ff
20000224:	20000401 	.word	0x20000401
20000228:	20000403 	.word	0x20000403
2000022c:	20000405 	.word	0x20000405
20000230:	20000407 	.word	0x20000407
20000234:	20000409 	.word	0x20000409
20000238:	2000040b 	.word	0x2000040b
2000023c:	2000040d 	.word	0x2000040d
20000240:	2000040f 	.word	0x2000040f
20000244:	20000411 	.word	0x20000411
20000248:	20000413 	.word	0x20000413
2000024c:	20000415 	.word	0x20000415
20000250:	20000417 	.word	0x20000417
20000254:	20000419 	.word	0x20000419
20000258:	2000041b 	.word	0x2000041b
2000025c:	2000041d 	.word	0x2000041d
20000260:	2000041f 	.word	0x2000041f
20000264:	20000421 	.word	0x20000421
20000268:	20000423 	.word	0x20000423
2000026c:	20000425 	.word	0x20000425
20000270:	20000427 	.word	0x20000427
20000274:	20000429 	.word	0x20000429
20000278:	2000042b 	.word	0x2000042b
2000027c:	2000042d 	.word	0x2000042d
20000280:	2000042f 	.word	0x2000042f
20000284:	20000431 	.word	0x20000431
20000288:	20000433 	.word	0x20000433
2000028c:	20000435 	.word	0x20000435
20000290:	20000437 	.word	0x20000437
20000294:	20000439 	.word	0x20000439

20000298 <Reset_Handler>:
20000298:	4868      	ldr	r0, [pc, #416]	; (2000043c <ACE_PPE_Flag31_IRQHandler+0x4>)
2000029a:	4780      	blx	r0
2000029c:	4868      	ldr	r0, [pc, #416]	; (20000440 <ACE_PPE_Flag31_IRQHandler+0x8>)
2000029e:	2800      	cmp	r0, #0
200002a0:	d10b      	bne.n	200002ba <copy_data>
200002a2:	4868      	ldr	r0, [pc, #416]	; (20000444 <ACE_PPE_Flag31_IRQHandler+0xc>)
200002a4:	4968      	ldr	r1, [pc, #416]	; (20000448 <ACE_PPE_Flag31_IRQHandler+0x10>)
200002a6:	4a69      	ldr	r2, [pc, #420]	; (2000044c <ACE_PPE_Flag31_IRQHandler+0x14>)
200002a8:	4288      	cmp	r0, r1
200002aa:	d006      	beq.n	200002ba <copy_data>

200002ac <copy_code_loop>:
200002ac:	4291      	cmp	r1, r2
200002ae:	bf1c      	itt	ne
200002b0:	f850 3b04 	ldrne.w	r3, [r0], #4
200002b4:	f841 3b04 	strne.w	r3, [r1], #4
200002b8:	d1f8      	bne.n	200002ac <copy_code_loop>

200002ba <copy_data>:
200002ba:	4865      	ldr	r0, [pc, #404]	; (20000450 <ACE_PPE_Flag31_IRQHandler+0x18>)
200002bc:	4965      	ldr	r1, [pc, #404]	; (20000454 <ACE_PPE_Flag31_IRQHandler+0x1c>)
200002be:	4a66      	ldr	r2, [pc, #408]	; (20000458 <ACE_PPE_Flag31_IRQHandler+0x20>)
200002c0:	4288      	cmp	r0, r1
200002c2:	d006      	beq.n	200002d2 <clear_bss>

200002c4 <copy_data_loop>:
200002c4:	4291      	cmp	r1, r2
200002c6:	bf1c      	itt	ne
200002c8:	f850 3b04 	ldrne.w	r3, [r0], #4
200002cc:	f841 3b04 	strne.w	r3, [r1], #4
200002d0:	d1f8      	bne.n	200002c4 <copy_data_loop>

200002d2 <clear_bss>:
200002d2:	4862      	ldr	r0, [pc, #392]	; (2000045c <ACE_PPE_Flag31_IRQHandler+0x24>)
200002d4:	4962      	ldr	r1, [pc, #392]	; (20000460 <ACE_PPE_Flag31_IRQHandler+0x28>)
200002d6:	4a63      	ldr	r2, [pc, #396]	; (20000464 <ACE_PPE_Flag31_IRQHandler+0x2c>)

200002d8 <clear_bss_loop>:
200002d8:	4291      	cmp	r1, r2
200002da:	bf18      	it	ne
200002dc:	f841 0b04 	strne.w	r0, [r1], #4
200002e0:	d1fa      	bne.n	200002d8 <clear_bss_loop>
	...

200002f0 <call_glob_ctor>:
200002f0:	f8df 0174 	ldr.w	r0, [pc, #372]	; 20000468 <ACE_PPE_Flag31_IRQHandler+0x30>
200002f4:	f20f 0e03 	addw	lr, pc, #3
200002f8:	4700      	bx	r0

200002fa <branch_to_main>:
200002fa:	f04f 0000 	mov.w	r0, #0
200002fe:	f04f 0100 	mov.w	r1, #0
20000302:	f8df f168 	ldr.w	pc, [pc, #360]	; 2000046c <ACE_PPE_Flag31_IRQHandler+0x34>

20000306 <ExitLoop>:
20000306:	e7fe      	b.n	20000306 <ExitLoop>

20000308 <NMI_Handler>:
20000308:	e7fe      	b.n	20000308 <NMI_Handler>

2000030a <HardFault_Handler>:
2000030a:	e7fe      	b.n	2000030a <HardFault_Handler>

2000030c <MemManage_Handler>:
2000030c:	e7fe      	b.n	2000030c <MemManage_Handler>

2000030e <BusFault_Handler>:
2000030e:	e7fe      	b.n	2000030e <BusFault_Handler>

20000310 <UsageFault_Handler>:
20000310:	e7fe      	b.n	20000310 <UsageFault_Handler>

20000312 <SVC_Handler>:
20000312:	e7fe      	b.n	20000312 <SVC_Handler>

20000314 <DebugMon_Handler>:
20000314:	e7fe      	b.n	20000314 <DebugMon_Handler>

20000316 <PendSV_Handler>:
20000316:	e7fe      	b.n	20000316 <PendSV_Handler>

20000318 <SysTick_Handler>:
20000318:	e7fe      	b.n	20000318 <SysTick_Handler>

2000031a <WdogWakeup_IRQHandler>:
2000031a:	e7fe      	b.n	2000031a <WdogWakeup_IRQHandler>

2000031c <BrownOut_1_5V_IRQHandler>:
2000031c:	e7fe      	b.n	2000031c <BrownOut_1_5V_IRQHandler>

2000031e <BrownOut_3_3V_IRQHandler>:
2000031e:	e7fe      	b.n	2000031e <BrownOut_3_3V_IRQHandler>

20000320 <RTC_Match_IRQHandler>:
20000320:	e7fe      	b.n	20000320 <RTC_Match_IRQHandler>

20000322 <RTCIF_Pub_IRQHandler>:
20000322:	e7fe      	b.n	20000322 <RTCIF_Pub_IRQHandler>

20000324 <EthernetMAC_IRQHandler>:
20000324:	e7fe      	b.n	20000324 <EthernetMAC_IRQHandler>

20000326 <IAP_IRQHandler>:
20000326:	e7fe      	b.n	20000326 <IAP_IRQHandler>

20000328 <ENVM0_IRQHandler>:
20000328:	e7fe      	b.n	20000328 <ENVM0_IRQHandler>

2000032a <ENVM1_IRQHandler>:
2000032a:	e7fe      	b.n	2000032a <ENVM1_IRQHandler>

2000032c <DMA_IRQHandler>:
2000032c:	e7fe      	b.n	2000032c <DMA_IRQHandler>
2000032e:	e7fe      	b.n	2000032e <DMA_IRQHandler+0x2>
20000330:	e7fe      	b.n	20000330 <DMA_IRQHandler+0x4>

20000332 <SPI0_IRQHandler>:
20000332:	e7fe      	b.n	20000332 <SPI0_IRQHandler>

20000334 <SPI1_IRQHandler>:
20000334:	e7fe      	b.n	20000334 <SPI1_IRQHandler>

20000336 <I2C0_IRQHandler>:
20000336:	e7fe      	b.n	20000336 <I2C0_IRQHandler>

20000338 <I2C0_SMBAlert_IRQHandler>:
20000338:	e7fe      	b.n	20000338 <I2C0_SMBAlert_IRQHandler>

2000033a <I2C0_SMBus_IRQHandler>:
2000033a:	e7fe      	b.n	2000033a <I2C0_SMBus_IRQHandler>

2000033c <I2C1_IRQHandler>:
2000033c:	e7fe      	b.n	2000033c <I2C1_IRQHandler>

2000033e <I2C1_SMBAlert_IRQHandler>:
2000033e:	e7fe      	b.n	2000033e <I2C1_SMBAlert_IRQHandler>

20000340 <I2C1_SMBus_IRQHandler>:
20000340:	e7fe      	b.n	20000340 <I2C1_SMBus_IRQHandler>

20000342 <Timer1_IRQHandler>:
20000342:	e7fe      	b.n	20000342 <Timer1_IRQHandler>

20000344 <Timer2_IRQHandler>:
20000344:	e7fe      	b.n	20000344 <Timer2_IRQHandler>

20000346 <PLL_Lock_IRQHandler>:
20000346:	e7fe      	b.n	20000346 <PLL_Lock_IRQHandler>

20000348 <PLL_LockLost_IRQHandler>:
20000348:	e7fe      	b.n	20000348 <PLL_LockLost_IRQHandler>

2000034a <CommError_IRQHandler>:
2000034a:	e7fe      	b.n	2000034a <CommError_IRQHandler>

2000034c <Fabric_IRQHandler>:
2000034c:	e7fe      	b.n	2000034c <Fabric_IRQHandler>

2000034e <GPIO0_IRQHandler>:
2000034e:	e7fe      	b.n	2000034e <GPIO0_IRQHandler>

20000350 <GPIO1_IRQHandler>:
20000350:	e7fe      	b.n	20000350 <GPIO1_IRQHandler>

20000352 <GPIO2_IRQHandler>:
20000352:	e7fe      	b.n	20000352 <GPIO2_IRQHandler>

20000354 <GPIO3_IRQHandler>:
20000354:	e7fe      	b.n	20000354 <GPIO3_IRQHandler>

20000356 <GPIO4_IRQHandler>:
20000356:	e7fe      	b.n	20000356 <GPIO4_IRQHandler>

20000358 <GPIO5_IRQHandler>:
20000358:	e7fe      	b.n	20000358 <GPIO5_IRQHandler>

2000035a <GPIO6_IRQHandler>:
2000035a:	e7fe      	b.n	2000035a <GPIO6_IRQHandler>

2000035c <GPIO7_IRQHandler>:
2000035c:	e7fe      	b.n	2000035c <GPIO7_IRQHandler>

2000035e <GPIO8_IRQHandler>:
2000035e:	e7fe      	b.n	2000035e <GPIO8_IRQHandler>

20000360 <GPIO9_IRQHandler>:
20000360:	e7fe      	b.n	20000360 <GPIO9_IRQHandler>

20000362 <GPIO10_IRQHandler>:
20000362:	e7fe      	b.n	20000362 <GPIO10_IRQHandler>

20000364 <GPIO11_IRQHandler>:
20000364:	e7fe      	b.n	20000364 <GPIO11_IRQHandler>

20000366 <GPIO12_IRQHandler>:
20000366:	e7fe      	b.n	20000366 <GPIO12_IRQHandler>

20000368 <GPIO13_IRQHandler>:
20000368:	e7fe      	b.n	20000368 <GPIO13_IRQHandler>

2000036a <GPIO14_IRQHandler>:
2000036a:	e7fe      	b.n	2000036a <GPIO14_IRQHandler>

2000036c <GPIO15_IRQHandler>:
2000036c:	e7fe      	b.n	2000036c <GPIO15_IRQHandler>

2000036e <GPIO16_IRQHandler>:
2000036e:	e7fe      	b.n	2000036e <GPIO16_IRQHandler>

20000370 <GPIO17_IRQHandler>:
20000370:	e7fe      	b.n	20000370 <GPIO17_IRQHandler>

20000372 <GPIO18_IRQHandler>:
20000372:	e7fe      	b.n	20000372 <GPIO18_IRQHandler>

20000374 <GPIO19_IRQHandler>:
20000374:	e7fe      	b.n	20000374 <GPIO19_IRQHandler>

20000376 <GPIO20_IRQHandler>:
20000376:	e7fe      	b.n	20000376 <GPIO20_IRQHandler>

20000378 <GPIO21_IRQHandler>:
20000378:	e7fe      	b.n	20000378 <GPIO21_IRQHandler>

2000037a <GPIO22_IRQHandler>:
2000037a:	e7fe      	b.n	2000037a <GPIO22_IRQHandler>

2000037c <GPIO23_IRQHandler>:
2000037c:	e7fe      	b.n	2000037c <GPIO23_IRQHandler>

2000037e <GPIO24_IRQHandler>:
2000037e:	e7fe      	b.n	2000037e <GPIO24_IRQHandler>

20000380 <GPIO25_IRQHandler>:
20000380:	e7fe      	b.n	20000380 <GPIO25_IRQHandler>

20000382 <GPIO26_IRQHandler>:
20000382:	e7fe      	b.n	20000382 <GPIO26_IRQHandler>

20000384 <GPIO27_IRQHandler>:
20000384:	e7fe      	b.n	20000384 <GPIO27_IRQHandler>

20000386 <GPIO28_IRQHandler>:
20000386:	e7fe      	b.n	20000386 <GPIO28_IRQHandler>

20000388 <GPIO29_IRQHandler>:
20000388:	e7fe      	b.n	20000388 <GPIO29_IRQHandler>

2000038a <GPIO30_IRQHandler>:
2000038a:	e7fe      	b.n	2000038a <GPIO30_IRQHandler>

2000038c <GPIO31_IRQHandler>:
2000038c:	e7fe      	b.n	2000038c <GPIO31_IRQHandler>

2000038e <ACE_PC0_Flag0_IRQHandler>:
2000038e:	e7fe      	b.n	2000038e <ACE_PC0_Flag0_IRQHandler>

20000390 <ACE_PC0_Flag1_IRQHandler>:
20000390:	e7fe      	b.n	20000390 <ACE_PC0_Flag1_IRQHandler>

20000392 <ACE_PC0_Flag2_IRQHandler>:
20000392:	e7fe      	b.n	20000392 <ACE_PC0_Flag2_IRQHandler>

20000394 <ACE_PC0_Flag3_IRQHandler>:
20000394:	e7fe      	b.n	20000394 <ACE_PC0_Flag3_IRQHandler>

20000396 <ACE_PC1_Flag0_IRQHandler>:
20000396:	e7fe      	b.n	20000396 <ACE_PC1_Flag0_IRQHandler>

20000398 <ACE_PC1_Flag1_IRQHandler>:
20000398:	e7fe      	b.n	20000398 <ACE_PC1_Flag1_IRQHandler>

2000039a <ACE_PC1_Flag2_IRQHandler>:
2000039a:	e7fe      	b.n	2000039a <ACE_PC1_Flag2_IRQHandler>

2000039c <ACE_PC1_Flag3_IRQHandler>:
2000039c:	e7fe      	b.n	2000039c <ACE_PC1_Flag3_IRQHandler>

2000039e <ACE_PC2_Flag0_IRQHandler>:
2000039e:	e7fe      	b.n	2000039e <ACE_PC2_Flag0_IRQHandler>

200003a0 <ACE_PC2_Flag1_IRQHandler>:
200003a0:	e7fe      	b.n	200003a0 <ACE_PC2_Flag1_IRQHandler>

200003a2 <ACE_PC2_Flag2_IRQHandler>:
200003a2:	e7fe      	b.n	200003a2 <ACE_PC2_Flag2_IRQHandler>

200003a4 <ACE_PC2_Flag3_IRQHandler>:
200003a4:	e7fe      	b.n	200003a4 <ACE_PC2_Flag3_IRQHandler>

200003a6 <ACE_ADC0_DataValid_IRQHandler>:
200003a6:	e7fe      	b.n	200003a6 <ACE_ADC0_DataValid_IRQHandler>

200003a8 <ACE_ADC1_DataValid_IRQHandler>:
200003a8:	e7fe      	b.n	200003a8 <ACE_ADC1_DataValid_IRQHandler>

200003aa <ACE_ADC2_DataValid_IRQHandler>:
200003aa:	e7fe      	b.n	200003aa <ACE_ADC2_DataValid_IRQHandler>

200003ac <ACE_ADC0_CalDone_IRQHandler>:
200003ac:	e7fe      	b.n	200003ac <ACE_ADC0_CalDone_IRQHandler>

200003ae <ACE_ADC1_CalDone_IRQHandler>:
200003ae:	e7fe      	b.n	200003ae <ACE_ADC1_CalDone_IRQHandler>

200003b0 <ACE_ADC2_CalDone_IRQHandler>:
200003b0:	e7fe      	b.n	200003b0 <ACE_ADC2_CalDone_IRQHandler>

200003b2 <ACE_ADC0_CalStart_IRQHandler>:
200003b2:	e7fe      	b.n	200003b2 <ACE_ADC0_CalStart_IRQHandler>

200003b4 <ACE_ADC1_CalStart_IRQHandler>:
200003b4:	e7fe      	b.n	200003b4 <ACE_ADC1_CalStart_IRQHandler>

200003b6 <ACE_ADC2_CalStart_IRQHandler>:
200003b6:	e7fe      	b.n	200003b6 <ACE_ADC2_CalStart_IRQHandler>

200003b8 <ACE_Comp0_Fall_IRQHandler>:
200003b8:	e7fe      	b.n	200003b8 <ACE_Comp0_Fall_IRQHandler>

200003ba <ACE_Comp1_Fall_IRQHandler>:
200003ba:	e7fe      	b.n	200003ba <ACE_Comp1_Fall_IRQHandler>

200003bc <ACE_Comp2_Fall_IRQHandler>:
200003bc:	e7fe      	b.n	200003bc <ACE_Comp2_Fall_IRQHandler>

200003be <ACE_Comp3_Fall_IRQHandler>:
200003be:	e7fe      	b.n	200003be <ACE_Comp3_Fall_IRQHandler>

200003c0 <ACE_Comp4_Fall_IRQHandler>:
200003c0:	e7fe      	b.n	200003c0 <ACE_Comp4_Fall_IRQHandler>

200003c2 <ACE_Comp5_Fall_IRQHandler>:
200003c2:	e7fe      	b.n	200003c2 <ACE_Comp5_Fall_IRQHandler>

200003c4 <ACE_Comp6_Fall_IRQHandler>:
200003c4:	e7fe      	b.n	200003c4 <ACE_Comp6_Fall_IRQHandler>

200003c6 <ACE_Comp7_Fall_IRQHandler>:
200003c6:	e7fe      	b.n	200003c6 <ACE_Comp7_Fall_IRQHandler>

200003c8 <ACE_Comp8_Fall_IRQHandler>:
200003c8:	e7fe      	b.n	200003c8 <ACE_Comp8_Fall_IRQHandler>

200003ca <ACE_Comp9_Fall_IRQHandler>:
200003ca:	e7fe      	b.n	200003ca <ACE_Comp9_Fall_IRQHandler>

200003cc <ACE_Comp10_Fall_IRQHandler>:
200003cc:	e7fe      	b.n	200003cc <ACE_Comp10_Fall_IRQHandler>

200003ce <ACE_Comp11_Fall_IRQHandler>:
200003ce:	e7fe      	b.n	200003ce <ACE_Comp11_Fall_IRQHandler>

200003d0 <ACE_Comp0_Rise_IRQHandler>:
200003d0:	e7fe      	b.n	200003d0 <ACE_Comp0_Rise_IRQHandler>

200003d2 <ACE_Comp1_Rise_IRQHandler>:
200003d2:	e7fe      	b.n	200003d2 <ACE_Comp1_Rise_IRQHandler>

200003d4 <ACE_Comp2_Rise_IRQHandler>:
200003d4:	e7fe      	b.n	200003d4 <ACE_Comp2_Rise_IRQHandler>

200003d6 <ACE_Comp3_Rise_IRQHandler>:
200003d6:	e7fe      	b.n	200003d6 <ACE_Comp3_Rise_IRQHandler>

200003d8 <ACE_Comp4_Rise_IRQHandler>:
200003d8:	e7fe      	b.n	200003d8 <ACE_Comp4_Rise_IRQHandler>

200003da <ACE_Comp5_Rise_IRQHandler>:
200003da:	e7fe      	b.n	200003da <ACE_Comp5_Rise_IRQHandler>

200003dc <ACE_Comp6_Rise_IRQHandler>:
200003dc:	e7fe      	b.n	200003dc <ACE_Comp6_Rise_IRQHandler>

200003de <ACE_Comp7_Rise_IRQHandler>:
200003de:	e7fe      	b.n	200003de <ACE_Comp7_Rise_IRQHandler>

200003e0 <ACE_Comp8_Rise_IRQHandler>:
200003e0:	e7fe      	b.n	200003e0 <ACE_Comp8_Rise_IRQHandler>

200003e2 <ACE_Comp9_Rise_IRQHandler>:
200003e2:	e7fe      	b.n	200003e2 <ACE_Comp9_Rise_IRQHandler>

200003e4 <ACE_Comp10_Rise_IRQHandler>:
200003e4:	e7fe      	b.n	200003e4 <ACE_Comp10_Rise_IRQHandler>

200003e6 <ACE_Comp11_Rise_IRQHandler>:
200003e6:	e7fe      	b.n	200003e6 <ACE_Comp11_Rise_IRQHandler>

200003e8 <ACE_ADC0_FifoFull_IRQHandler>:
200003e8:	e7fe      	b.n	200003e8 <ACE_ADC0_FifoFull_IRQHandler>

200003ea <ACE_ADC0_FifoAFull_IRQHandler>:
200003ea:	e7fe      	b.n	200003ea <ACE_ADC0_FifoAFull_IRQHandler>

200003ec <ACE_ADC0_FifoEmpty_IRQHandler>:
200003ec:	e7fe      	b.n	200003ec <ACE_ADC0_FifoEmpty_IRQHandler>

200003ee <ACE_ADC1_FifoFull_IRQHandler>:
200003ee:	e7fe      	b.n	200003ee <ACE_ADC1_FifoFull_IRQHandler>

200003f0 <ACE_ADC1_FifoAFull_IRQHandler>:
200003f0:	e7fe      	b.n	200003f0 <ACE_ADC1_FifoAFull_IRQHandler>

200003f2 <ACE_ADC1_FifoEmpty_IRQHandler>:
200003f2:	e7fe      	b.n	200003f2 <ACE_ADC1_FifoEmpty_IRQHandler>

200003f4 <ACE_ADC2_FifoFull_IRQHandler>:
200003f4:	e7fe      	b.n	200003f4 <ACE_ADC2_FifoFull_IRQHandler>

200003f6 <ACE_ADC2_FifoAFull_IRQHandler>:
200003f6:	e7fe      	b.n	200003f6 <ACE_ADC2_FifoAFull_IRQHandler>

200003f8 <ACE_ADC2_FifoEmpty_IRQHandler>:
200003f8:	e7fe      	b.n	200003f8 <ACE_ADC2_FifoEmpty_IRQHandler>

200003fa <ACE_PPE_Flag0_IRQHandler>:
200003fa:	e7fe      	b.n	200003fa <ACE_PPE_Flag0_IRQHandler>

200003fc <ACE_PPE_Flag1_IRQHandler>:
200003fc:	e7fe      	b.n	200003fc <ACE_PPE_Flag1_IRQHandler>

200003fe <ACE_PPE_Flag2_IRQHandler>:
200003fe:	e7fe      	b.n	200003fe <ACE_PPE_Flag2_IRQHandler>

20000400 <ACE_PPE_Flag3_IRQHandler>:
20000400:	e7fe      	b.n	20000400 <ACE_PPE_Flag3_IRQHandler>

20000402 <ACE_PPE_Flag4_IRQHandler>:
20000402:	e7fe      	b.n	20000402 <ACE_PPE_Flag4_IRQHandler>

20000404 <ACE_PPE_Flag5_IRQHandler>:
20000404:	e7fe      	b.n	20000404 <ACE_PPE_Flag5_IRQHandler>

20000406 <ACE_PPE_Flag6_IRQHandler>:
20000406:	e7fe      	b.n	20000406 <ACE_PPE_Flag6_IRQHandler>

20000408 <ACE_PPE_Flag7_IRQHandler>:
20000408:	e7fe      	b.n	20000408 <ACE_PPE_Flag7_IRQHandler>

2000040a <ACE_PPE_Flag8_IRQHandler>:
2000040a:	e7fe      	b.n	2000040a <ACE_PPE_Flag8_IRQHandler>

2000040c <ACE_PPE_Flag9_IRQHandler>:
2000040c:	e7fe      	b.n	2000040c <ACE_PPE_Flag9_IRQHandler>

2000040e <ACE_PPE_Flag10_IRQHandler>:
2000040e:	e7fe      	b.n	2000040e <ACE_PPE_Flag10_IRQHandler>

20000410 <ACE_PPE_Flag11_IRQHandler>:
20000410:	e7fe      	b.n	20000410 <ACE_PPE_Flag11_IRQHandler>

20000412 <ACE_PPE_Flag12_IRQHandler>:
20000412:	e7fe      	b.n	20000412 <ACE_PPE_Flag12_IRQHandler>

20000414 <ACE_PPE_Flag13_IRQHandler>:
20000414:	e7fe      	b.n	20000414 <ACE_PPE_Flag13_IRQHandler>

20000416 <ACE_PPE_Flag14_IRQHandler>:
20000416:	e7fe      	b.n	20000416 <ACE_PPE_Flag14_IRQHandler>

20000418 <ACE_PPE_Flag15_IRQHandler>:
20000418:	e7fe      	b.n	20000418 <ACE_PPE_Flag15_IRQHandler>

2000041a <ACE_PPE_Flag16_IRQHandler>:
2000041a:	e7fe      	b.n	2000041a <ACE_PPE_Flag16_IRQHandler>

2000041c <ACE_PPE_Flag17_IRQHandler>:
2000041c:	e7fe      	b.n	2000041c <ACE_PPE_Flag17_IRQHandler>

2000041e <ACE_PPE_Flag18_IRQHandler>:
2000041e:	e7fe      	b.n	2000041e <ACE_PPE_Flag18_IRQHandler>

20000420 <ACE_PPE_Flag19_IRQHandler>:
20000420:	e7fe      	b.n	20000420 <ACE_PPE_Flag19_IRQHandler>

20000422 <ACE_PPE_Flag20_IRQHandler>:
20000422:	e7fe      	b.n	20000422 <ACE_PPE_Flag20_IRQHandler>

20000424 <ACE_PPE_Flag21_IRQHandler>:
20000424:	e7fe      	b.n	20000424 <ACE_PPE_Flag21_IRQHandler>

20000426 <ACE_PPE_Flag22_IRQHandler>:
20000426:	e7fe      	b.n	20000426 <ACE_PPE_Flag22_IRQHandler>

20000428 <ACE_PPE_Flag23_IRQHandler>:
20000428:	e7fe      	b.n	20000428 <ACE_PPE_Flag23_IRQHandler>

2000042a <ACE_PPE_Flag24_IRQHandler>:
2000042a:	e7fe      	b.n	2000042a <ACE_PPE_Flag24_IRQHandler>

2000042c <ACE_PPE_Flag25_IRQHandler>:
2000042c:	e7fe      	b.n	2000042c <ACE_PPE_Flag25_IRQHandler>

2000042e <ACE_PPE_Flag26_IRQHandler>:
2000042e:	e7fe      	b.n	2000042e <ACE_PPE_Flag26_IRQHandler>

20000430 <ACE_PPE_Flag27_IRQHandler>:
20000430:	e7fe      	b.n	20000430 <ACE_PPE_Flag27_IRQHandler>

20000432 <ACE_PPE_Flag28_IRQHandler>:
20000432:	e7fe      	b.n	20000432 <ACE_PPE_Flag28_IRQHandler>

20000434 <ACE_PPE_Flag29_IRQHandler>:
20000434:	e7fe      	b.n	20000434 <ACE_PPE_Flag29_IRQHandler>

20000436 <ACE_PPE_Flag30_IRQHandler>:
20000436:	e7fe      	b.n	20000436 <ACE_PPE_Flag30_IRQHandler>

20000438 <ACE_PPE_Flag31_IRQHandler>:
20000438:	e7fe      	b.n	20000438 <ACE_PPE_Flag31_IRQHandler>
2000043a:	0000      	.short	0x0000
2000043c:	20000d29 	.word	0x20000d29
20000440:	00000000 	.word	0x00000000
20000444:	20000000 	.word	0x20000000
20000448:	20000000 	.word	0x20000000
2000044c:	20000fec 	.word	0x20000fec
20000450:	20000fec 	.word	0x20000fec
20000454:	20000fec 	.word	0x20000fec
20000458:	20001008 	.word	0x20001008
2000045c:	00000000 	.word	0x00000000
20000460:	20001008 	.word	0x20001008
20000464:	20001070 	.word	0x20001070
20000468:	20000f6d 	.word	0x20000f6d
2000046c:	20000779 	.word	0x20000779

20000470 <__do_global_dtors_aux>:
20000470:	f241 0308 	movw	r3, #4104	; 0x1008
20000474:	f2c2 0300 	movt	r3, #8192	; 0x2000
20000478:	781a      	ldrb	r2, [r3, #0]
2000047a:	b90a      	cbnz	r2, 20000480 <__do_global_dtors_aux+0x10>
2000047c:	2001      	movs	r0, #1
2000047e:	7018      	strb	r0, [r3, #0]
20000480:	4770      	bx	lr
20000482:	bf00      	nop

20000484 <frame_dummy>:
20000484:	f640 70ec 	movw	r0, #4076	; 0xfec
20000488:	f2c2 0000 	movt	r0, #8192	; 0x2000
2000048c:	b508      	push	{r3, lr}
2000048e:	6803      	ldr	r3, [r0, #0]
20000490:	b12b      	cbz	r3, 2000049e <frame_dummy+0x1a>
20000492:	f240 0300 	movw	r3, #0
20000496:	f2c0 0300 	movt	r3, #0
2000049a:	b103      	cbz	r3, 2000049e <frame_dummy+0x1a>
2000049c:	4798      	blx	r3
2000049e:	bd08      	pop	{r3, pc}

200004a0 <LCD_init>:
#include "lcd.h"
#include "drivers/mss_uart/mss_uart.h"


void LCD_init(void) {
200004a0:	b580      	push	{r7, lr}
200004a2:	af00      	add	r7, sp, #0
	MSS_UART_init(
200004a4:	f241 0020 	movw	r0, #4128	; 0x1020
200004a8:	f2c2 0000 	movt	r0, #8192	; 0x2000
200004ac:	f44f 31e1 	mov.w	r1, #115200	; 0x1c200
200004b0:	f04f 0203 	mov.w	r2, #3
200004b4:	f000 f986 	bl	200007c4 <MSS_UART_init>
		&g_mss_uart1,
		MSS_UART_115200_BAUD,
		MSS_UART_DATA_8_BITS | MSS_UART_NO_PARITY | MSS_UART_ONE_STOP_BIT
	);

	LCD_defaultTextSettings();
200004b8:	f000 f8c2 	bl	20000640 <LCD_defaultTextSettings>
}
200004bc:	bd80      	pop	{r7, pc}
200004be:	bf00      	nop

200004c0 <LCD_clear>:

void LCD_clear(void) {
200004c0:	b580      	push	{r7, lr}
200004c2:	b082      	sub	sp, #8
200004c4:	af00      	add	r7, sp, #0
	uint8_t bytes[2] = { 0x7c , 0x00 };
200004c6:	f04f 037c 	mov.w	r3, #124	; 0x7c
200004ca:	713b      	strb	r3, [r7, #4]
200004cc:	f04f 0300 	mov.w	r3, #0
200004d0:	717b      	strb	r3, [r7, #5]
	MSS_UART_polled_tx( &g_mss_uart1, bytes, sizeof(bytes) );
200004d2:	f107 0304 	add.w	r3, r7, #4
200004d6:	f241 0020 	movw	r0, #4128	; 0x1020
200004da:	f2c2 0000 	movt	r0, #8192	; 0x2000
200004de:	4619      	mov	r1, r3
200004e0:	f04f 0202 	mov.w	r2, #2
200004e4:	f000 fa70 	bl	200009c8 <MSS_UART_polled_tx>
	LCD_setHome();
200004e8:	f000 f86a 	bl	200005c0 <LCD_setHome>
}
200004ec:	f107 0708 	add.w	r7, r7, #8
200004f0:	46bd      	mov	sp, r7
200004f2:	bd80      	pop	{r7, pc}

200004f4 <LCD_drawLine>:

void LCD_newLine() {
	LCD_setLineNum(++textProps.line_num);
}

void LCD_drawLine(uint8_t x1, uint8_t y1, uint8_t x2, uint8_t y2) {
200004f4:	b580      	push	{r7, lr}
200004f6:	b084      	sub	sp, #16
200004f8:	af00      	add	r7, sp, #0
200004fa:	71f8      	strb	r0, [r7, #7]
200004fc:	71b9      	strb	r1, [r7, #6]
200004fe:	717a      	strb	r2, [r7, #5]
20000500:	713b      	strb	r3, [r7, #4]
	uint8_t bytes[7] = { 0x7c , 0x0c , x1 , 0x7f - y1 , x2 , 0x7f - y2 , 0x01 };
20000502:	79bb      	ldrb	r3, [r7, #6]
20000504:	f1c3 037f 	rsb	r3, r3, #127	; 0x7f
20000508:	b2da      	uxtb	r2, r3
2000050a:	793b      	ldrb	r3, [r7, #4]
2000050c:	f1c3 037f 	rsb	r3, r3, #127	; 0x7f
20000510:	b2db      	uxtb	r3, r3
20000512:	f04f 017c 	mov.w	r1, #124	; 0x7c
20000516:	7239      	strb	r1, [r7, #8]
20000518:	f04f 010c 	mov.w	r1, #12
2000051c:	7279      	strb	r1, [r7, #9]
2000051e:	79f9      	ldrb	r1, [r7, #7]
20000520:	72b9      	strb	r1, [r7, #10]
20000522:	72fa      	strb	r2, [r7, #11]
20000524:	797a      	ldrb	r2, [r7, #5]
20000526:	733a      	strb	r2, [r7, #12]
20000528:	737b      	strb	r3, [r7, #13]
2000052a:	f04f 0301 	mov.w	r3, #1
2000052e:	73bb      	strb	r3, [r7, #14]
	MSS_UART_polled_tx( &g_mss_uart1, bytes, sizeof(bytes) );
20000530:	f107 0308 	add.w	r3, r7, #8
20000534:	f241 0020 	movw	r0, #4128	; 0x1020
20000538:	f2c2 0000 	movt	r0, #8192	; 0x2000
2000053c:	4619      	mov	r1, r3
2000053e:	f04f 0207 	mov.w	r2, #7
20000542:	f000 fa41 	bl	200009c8 <MSS_UART_polled_tx>
}
20000546:	f107 0710 	add.w	r7, r7, #16
2000054a:	46bd      	mov	sp, r7
2000054c:	bd80      	pop	{r7, pc}
2000054e:	bf00      	nop

20000550 <LCD_setX>:
void LCD_eraseBlock(uint8_t x1, uint8_t y1, uint8_t x2, uint8_t y2) {
	uint8_t bytes[6] = { 0x7c , 0x05 , x1 , 0x7f - y1 , x2 , 0x7f - y2 };
	MSS_UART_polled_tx( &g_mss_uart1, bytes, sizeof(bytes) );
}

void LCD_setX(uint8_t x) {
20000550:	b580      	push	{r7, lr}
20000552:	b084      	sub	sp, #16
20000554:	af00      	add	r7, sp, #0
20000556:	4603      	mov	r3, r0
20000558:	71fb      	strb	r3, [r7, #7]
	uint8_t bytes[3] = { 0x7c , 0x18 , x };
2000055a:	f04f 037c 	mov.w	r3, #124	; 0x7c
2000055e:	733b      	strb	r3, [r7, #12]
20000560:	f04f 0318 	mov.w	r3, #24
20000564:	737b      	strb	r3, [r7, #13]
20000566:	79fb      	ldrb	r3, [r7, #7]
20000568:	73bb      	strb	r3, [r7, #14]
	MSS_UART_polled_tx( &g_mss_uart1, bytes, sizeof(bytes) );
2000056a:	f107 030c 	add.w	r3, r7, #12
2000056e:	f241 0020 	movw	r0, #4128	; 0x1020
20000572:	f2c2 0000 	movt	r0, #8192	; 0x2000
20000576:	4619      	mov	r1, r3
20000578:	f04f 0203 	mov.w	r2, #3
2000057c:	f000 fa24 	bl	200009c8 <MSS_UART_polled_tx>
}
20000580:	f107 0710 	add.w	r7, r7, #16
20000584:	46bd      	mov	sp, r7
20000586:	bd80      	pop	{r7, pc}

20000588 <LCD_setY>:

void LCD_setY(uint8_t y) {
20000588:	b580      	push	{r7, lr}
2000058a:	b084      	sub	sp, #16
2000058c:	af00      	add	r7, sp, #0
2000058e:	4603      	mov	r3, r0
20000590:	71fb      	strb	r3, [r7, #7]
	uint8_t bytes[3] = { 0x7c , 0x19 , y };
20000592:	f04f 037c 	mov.w	r3, #124	; 0x7c
20000596:	733b      	strb	r3, [r7, #12]
20000598:	f04f 0319 	mov.w	r3, #25
2000059c:	737b      	strb	r3, [r7, #13]
2000059e:	79fb      	ldrb	r3, [r7, #7]
200005a0:	73bb      	strb	r3, [r7, #14]
	MSS_UART_polled_tx( &g_mss_uart1, bytes, sizeof(bytes) );
200005a2:	f107 030c 	add.w	r3, r7, #12
200005a6:	f241 0020 	movw	r0, #4128	; 0x1020
200005aa:	f2c2 0000 	movt	r0, #8192	; 0x2000
200005ae:	4619      	mov	r1, r3
200005b0:	f04f 0203 	mov.w	r2, #3
200005b4:	f000 fa08 	bl	200009c8 <MSS_UART_polled_tx>
}
200005b8:	f107 0710 	add.w	r7, r7, #16
200005bc:	46bd      	mov	sp, r7
200005be:	bd80      	pop	{r7, pc}

200005c0 <LCD_setHome>:

void LCD_setHome() {
200005c0:	b580      	push	{r7, lr}
200005c2:	af00      	add	r7, sp, #0
	LCD_setLineNum(0);
200005c4:	f04f 0000 	mov.w	r0, #0
200005c8:	f000 f802 	bl	200005d0 <LCD_setLineNum>
}
200005cc:	bd80      	pop	{r7, pc}
200005ce:	bf00      	nop

200005d0 <LCD_setLineNum>:

void LCD_setLineNum(int line) {
200005d0:	b580      	push	{r7, lr}
200005d2:	b082      	sub	sp, #8
200005d4:	af00      	add	r7, sp, #0
200005d6:	6078      	str	r0, [r7, #4]
	LCD_setX(textProps.horiz_indent);
200005d8:	f241 030c 	movw	r3, #4108	; 0x100c
200005dc:	f2c2 0300 	movt	r3, #8192	; 0x2000
200005e0:	685b      	ldr	r3, [r3, #4]
200005e2:	b2db      	uxtb	r3, r3
200005e4:	4618      	mov	r0, r3
200005e6:	f7ff ffb3 	bl	20000550 <LCD_setX>
	LCD_setY((127 - textProps.vert_indent) - (line * (8 + textProps.padding)));
200005ea:	f241 030c 	movw	r3, #4108	; 0x100c
200005ee:	f2c2 0300 	movt	r3, #8192	; 0x2000
200005f2:	68da      	ldr	r2, [r3, #12]
200005f4:	f64f 73f8 	movw	r3, #65528	; 0xfff8
200005f8:	f6cf 73ff 	movt	r3, #65535	; 0xffff
200005fc:	ebc2 0303 	rsb	r3, r2, r3
20000600:	b2db      	uxtb	r3, r3
20000602:	687a      	ldr	r2, [r7, #4]
20000604:	b2d2      	uxtb	r2, r2
20000606:	fb02 f303 	mul.w	r3, r2, r3
2000060a:	b2da      	uxtb	r2, r3
2000060c:	f241 030c 	movw	r3, #4108	; 0x100c
20000610:	f2c2 0300 	movt	r3, #8192	; 0x2000
20000614:	689b      	ldr	r3, [r3, #8]
20000616:	b2db      	uxtb	r3, r3
20000618:	ebc3 0302 	rsb	r3, r3, r2
2000061c:	b2db      	uxtb	r3, r3
2000061e:	f103 037f 	add.w	r3, r3, #127	; 0x7f
20000622:	b2db      	uxtb	r3, r3
20000624:	4618      	mov	r0, r3
20000626:	f7ff ffaf 	bl	20000588 <LCD_setY>
	textProps.line_num = line;
2000062a:	f241 030c 	movw	r3, #4108	; 0x100c
2000062e:	f2c2 0300 	movt	r3, #8192	; 0x2000
20000632:	687a      	ldr	r2, [r7, #4]
20000634:	601a      	str	r2, [r3, #0]
}
20000636:	f107 0708 	add.w	r7, r7, #8
2000063a:	46bd      	mov	sp, r7
2000063c:	bd80      	pop	{r7, pc}
2000063e:	bf00      	nop

20000640 <LCD_defaultTextSettings>:
	textProps.horiz_indent = horiz_indent;
	textProps.padding = padding;
	LCD_setHome();
}

void LCD_defaultTextSettings() {
20000640:	b580      	push	{r7, lr}
20000642:	af00      	add	r7, sp, #0
	textProps.horiz_indent = 1;
20000644:	f241 030c 	movw	r3, #4108	; 0x100c
20000648:	f2c2 0300 	movt	r3, #8192	; 0x2000
2000064c:	f04f 0201 	mov.w	r2, #1
20000650:	605a      	str	r2, [r3, #4]
	textProps.vert_indent = 1;
20000652:	f241 030c 	movw	r3, #4108	; 0x100c
20000656:	f2c2 0300 	movt	r3, #8192	; 0x2000
2000065a:	f04f 0201 	mov.w	r2, #1
2000065e:	609a      	str	r2, [r3, #8]
	textProps.padding = 0;
20000660:	f241 030c 	movw	r3, #4108	; 0x100c
20000664:	f2c2 0300 	movt	r3, #8192	; 0x2000
20000668:	f04f 0200 	mov.w	r2, #0
2000066c:	60da      	str	r2, [r3, #12]
	LCD_setHome();
2000066e:	f7ff ffa7 	bl	200005c0 <LCD_setHome>
}
20000672:	bd80      	pop	{r7, pc}

20000674 <LCD_startCountdown>:
	LCD_drawBox(9,10,150,22);
	LCD_drawBox(5,5,155,25);
	LCD_defaultTextSettings();
}

void LCD_startCountdown() {
20000674:	b580      	push	{r7, lr}
20000676:	af00      	add	r7, sp, #0
	// Draw large 3
	LCD_clear();
20000678:	f7ff ff22 	bl	200004c0 <LCD_clear>
	LCD_drawLine(60,30,99,30);	// top
2000067c:	f04f 003c 	mov.w	r0, #60	; 0x3c
20000680:	f04f 011e 	mov.w	r1, #30
20000684:	f04f 0263 	mov.w	r2, #99	; 0x63
20000688:	f04f 031e 	mov.w	r3, #30
2000068c:	f7ff ff32 	bl	200004f4 <LCD_drawLine>
	LCD_drawLine(60,98,99,98);	// bottom
20000690:	f04f 003c 	mov.w	r0, #60	; 0x3c
20000694:	f04f 0162 	mov.w	r1, #98	; 0x62
20000698:	f04f 0263 	mov.w	r2, #99	; 0x63
2000069c:	f04f 0362 	mov.w	r3, #98	; 0x62
200006a0:	f7ff ff28 	bl	200004f4 <LCD_drawLine>
	LCD_drawLine(99,30,99,98);	// vert
200006a4:	f04f 0063 	mov.w	r0, #99	; 0x63
200006a8:	f04f 011e 	mov.w	r1, #30
200006ac:	f04f 0263 	mov.w	r2, #99	; 0x63
200006b0:	f04f 0362 	mov.w	r3, #98	; 0x62
200006b4:	f7ff ff1e 	bl	200004f4 <LCD_drawLine>
	LCD_drawLine(60,63,99,63);	// middle
200006b8:	f04f 003c 	mov.w	r0, #60	; 0x3c
200006bc:	f04f 013f 	mov.w	r1, #63	; 0x3f
200006c0:	f04f 0263 	mov.w	r2, #99	; 0x63
200006c4:	f04f 033f 	mov.w	r3, #63	; 0x3f
200006c8:	f7ff ff14 	bl	200004f4 <LCD_drawLine>

	// Stall for 1 second

	// Draw large 2
	LCD_clear();
200006cc:	f7ff fef8 	bl	200004c0 <LCD_clear>
	LCD_drawLine(59,30,99,30);	// top
200006d0:	f04f 003b 	mov.w	r0, #59	; 0x3b
200006d4:	f04f 011e 	mov.w	r1, #30
200006d8:	f04f 0263 	mov.w	r2, #99	; 0x63
200006dc:	f04f 031e 	mov.w	r3, #30
200006e0:	f7ff ff08 	bl	200004f4 <LCD_drawLine>
	LCD_drawLine(59,98,99,98);	// bottom
200006e4:	f04f 003b 	mov.w	r0, #59	; 0x3b
200006e8:	f04f 0162 	mov.w	r1, #98	; 0x62
200006ec:	f04f 0263 	mov.w	r2, #99	; 0x63
200006f0:	f04f 0362 	mov.w	r3, #98	; 0x62
200006f4:	f7ff fefe 	bl	200004f4 <LCD_drawLine>
	LCD_drawLine(59,63,99,63);	// middle
200006f8:	f04f 003b 	mov.w	r0, #59	; 0x3b
200006fc:	f04f 013f 	mov.w	r1, #63	; 0x3f
20000700:	f04f 0263 	mov.w	r2, #99	; 0x63
20000704:	f04f 033f 	mov.w	r3, #63	; 0x3f
20000708:	f7ff fef4 	bl	200004f4 <LCD_drawLine>
	LCD_drawLine(99,30,99,63);
2000070c:	f04f 0063 	mov.w	r0, #99	; 0x63
20000710:	f04f 011e 	mov.w	r1, #30
20000714:	f04f 0263 	mov.w	r2, #99	; 0x63
20000718:	f04f 033f 	mov.w	r3, #63	; 0x3f
2000071c:	f7ff feea 	bl	200004f4 <LCD_drawLine>
	LCD_drawLine(59,63,59,98);
20000720:	f04f 003b 	mov.w	r0, #59	; 0x3b
20000724:	f04f 013f 	mov.w	r1, #63	; 0x3f
20000728:	f04f 023b 	mov.w	r2, #59	; 0x3b
2000072c:	f04f 0362 	mov.w	r3, #98	; 0x62
20000730:	f7ff fee0 	bl	200004f4 <LCD_drawLine>

	// Stall for 1 second

	// Draw large 1
	LCD_clear();
20000734:	f7ff fec4 	bl	200004c0 <LCD_clear>
	LCD_drawLine(59,98,99,98);	// bottom
20000738:	f04f 003b 	mov.w	r0, #59	; 0x3b
2000073c:	f04f 0162 	mov.w	r1, #98	; 0x62
20000740:	f04f 0263 	mov.w	r2, #99	; 0x63
20000744:	f04f 0362 	mov.w	r3, #98	; 0x62
20000748:	f7ff fed4 	bl	200004f4 <LCD_drawLine>
	LCD_drawLine(79,98,79,30);	// middle
2000074c:	f04f 004f 	mov.w	r0, #79	; 0x4f
20000750:	f04f 0162 	mov.w	r1, #98	; 0x62
20000754:	f04f 024f 	mov.w	r2, #79	; 0x4f
20000758:	f04f 031e 	mov.w	r3, #30
2000075c:	f7ff feca 	bl	200004f4 <LCD_drawLine>
	LCD_drawLine(59,38,79,30);	// top
20000760:	f04f 003b 	mov.w	r0, #59	; 0x3b
20000764:	f04f 0126 	mov.w	r1, #38	; 0x26
20000768:	f04f 024f 	mov.w	r2, #79	; 0x4f
2000076c:	f04f 031e 	mov.w	r3, #30
20000770:	f7ff fec0 	bl	200004f4 <LCD_drawLine>

	// Stall for 1 second

}
20000774:	bd80      	pop	{r7, pc}
20000776:	bf00      	nop

20000778 <main>:
#include <stdio.h>
#include "lcd.h"
#include "drivers/mss_uart/mss_uart.h"

int main() {
20000778:	b580      	push	{r7, lr}
2000077a:	af00      	add	r7, sp, #0
	LCD_init();
2000077c:	f7ff fe90 	bl	200004a0 <LCD_init>

	LCD_startCountdown();
20000780:	f7ff ff78 	bl	20000674 <LCD_startCountdown>

	while(1) {

	}
20000784:	e7fe      	b.n	20000784 <main+0xc>
20000786:	bf00      	nop

20000788 <NVIC_ClearPendingIRQ>:
 *
 * Clear the pending bit for the specified interrupt. 
 * The interrupt number cannot be a negative value.
 */
static __INLINE void NVIC_ClearPendingIRQ(IRQn_Type IRQn)
{
20000788:	b480      	push	{r7}
2000078a:	b083      	sub	sp, #12
2000078c:	af00      	add	r7, sp, #0
2000078e:	4603      	mov	r3, r0
20000790:	80fb      	strh	r3, [r7, #6]
  NVIC->ICPR[((uint32_t)(IRQn) >> 5)] = (1 << ((uint32_t)(IRQn) & 0x1F)); /* Clear pending interrupt */
20000792:	f24e 1300 	movw	r3, #57600	; 0xe100
20000796:	f2ce 0300 	movt	r3, #57344	; 0xe000
2000079a:	f9b7 2006 	ldrsh.w	r2, [r7, #6]
2000079e:	ea4f 1252 	mov.w	r2, r2, lsr #5
200007a2:	88f9      	ldrh	r1, [r7, #6]
200007a4:	f001 011f 	and.w	r1, r1, #31
200007a8:	f04f 0001 	mov.w	r0, #1
200007ac:	fa00 f101 	lsl.w	r1, r0, r1
200007b0:	f102 0260 	add.w	r2, r2, #96	; 0x60
200007b4:	f843 1022 	str.w	r1, [r3, r2, lsl #2]
}
200007b8:	f107 070c 	add.w	r7, r7, #12
200007bc:	46bd      	mov	sp, r7
200007be:	bc80      	pop	{r7}
200007c0:	4770      	bx	lr
200007c2:	bf00      	nop

200007c4 <MSS_UART_init>:
(
    mss_uart_instance_t* this_uart,
    uint32_t baud_rate,
    uint8_t line_config
)
{
200007c4:	b580      	push	{r7, lr}
200007c6:	b088      	sub	sp, #32
200007c8:	af00      	add	r7, sp, #0
200007ca:	60f8      	str	r0, [r7, #12]
200007cc:	60b9      	str	r1, [r7, #8]
200007ce:	4613      	mov	r3, r2
200007d0:	71fb      	strb	r3, [r7, #7]
    uint16_t baud_value = 1U;
200007d2:	f04f 0301 	mov.w	r3, #1
200007d6:	82fb      	strh	r3, [r7, #22]
    uint32_t pclk_freq = 0U;
200007d8:	f04f 0300 	mov.w	r3, #0
200007dc:	61bb      	str	r3, [r7, #24]
    uint32_t baud_value_l;

    /* The driver expects g_mss_uart0 and g_mss_uart1 to be the only
     * mss_uart_instance_t instances used to identify UART0 and UART1. */
    ASSERT( (this_uart == &g_mss_uart0) || (this_uart == &g_mss_uart1) );
200007de:	68fa      	ldr	r2, [r7, #12]
200007e0:	f241 0348 	movw	r3, #4168	; 0x1048
200007e4:	f2c2 0300 	movt	r3, #8192	; 0x2000
200007e8:	429a      	cmp	r2, r3
200007ea:	d007      	beq.n	200007fc <MSS_UART_init+0x38>
200007ec:	68fa      	ldr	r2, [r7, #12]
200007ee:	f241 0320 	movw	r3, #4128	; 0x1020
200007f2:	f2c2 0300 	movt	r3, #8192	; 0x2000
200007f6:	429a      	cmp	r2, r3
200007f8:	d000      	beq.n	200007fc <MSS_UART_init+0x38>
200007fa:	be00      	bkpt	0x0000

    /* baud_rate should be greater than 0 */
    ASSERT( 0U < baud_rate );
200007fc:	68bb      	ldr	r3, [r7, #8]
200007fe:	2b00      	cmp	r3, #0
20000800:	d100      	bne.n	20000804 <MSS_UART_init+0x40>
20000802:	be00      	bkpt	0x0000

    /* Force the value of the CMSIS global variables holding the various system
     * clock frequencies to be updated. */
    SystemCoreClockUpdate();
20000804:	f000 fa96 	bl	20000d34 <SystemCoreClockUpdate>

    if ( this_uart == &g_mss_uart0 )
20000808:	68fa      	ldr	r2, [r7, #12]
2000080a:	f241 0348 	movw	r3, #4168	; 0x1048
2000080e:	f2c2 0300 	movt	r3, #8192	; 0x2000
20000812:	429a      	cmp	r2, r3
20000814:	d12e      	bne.n	20000874 <MSS_UART_init+0xb0>
    {
        this_uart->hw_reg = UART0;
20000816:	68fb      	ldr	r3, [r7, #12]
20000818:	f04f 4280 	mov.w	r2, #1073741824	; 0x40000000
2000081c:	601a      	str	r2, [r3, #0]
        this_uart->hw_reg_bit = UART0_BITBAND;
2000081e:	68fb      	ldr	r3, [r7, #12]
20000820:	f04f 4284 	mov.w	r2, #1107296256	; 0x42000000
20000824:	605a      	str	r2, [r3, #4]
        this_uart->irqn = UART0_IRQn;
20000826:	68fb      	ldr	r3, [r7, #12]
20000828:	f04f 020a 	mov.w	r2, #10
2000082c:	811a      	strh	r2, [r3, #8]

        pclk_freq = g_FrequencyPCLK0;
2000082e:	f640 73f8 	movw	r3, #4088	; 0xff8
20000832:	f2c2 0300 	movt	r3, #8192	; 0x2000
20000836:	681b      	ldr	r3, [r3, #0]
20000838:	61bb      	str	r3, [r7, #24]

        /* reset UART0 */
        SYSREG->SOFT_RST_CR |= SYSREG_UART0_SOFTRESET_MASK;
2000083a:	f242 0300 	movw	r3, #8192	; 0x2000
2000083e:	f2ce 0304 	movt	r3, #57348	; 0xe004
20000842:	f242 0200 	movw	r2, #8192	; 0x2000
20000846:	f2ce 0204 	movt	r2, #57348	; 0xe004
2000084a:	6b12      	ldr	r2, [r2, #48]	; 0x30
2000084c:	f042 0280 	orr.w	r2, r2, #128	; 0x80
20000850:	631a      	str	r2, [r3, #48]	; 0x30
        /* Clear any previously pended UART0 interrupt */
        NVIC_ClearPendingIRQ( UART0_IRQn );
20000852:	f04f 000a 	mov.w	r0, #10
20000856:	f7ff ff97 	bl	20000788 <NVIC_ClearPendingIRQ>
        /* Take UART0 out of reset. */
        SYSREG->SOFT_RST_CR &= ~SYSREG_UART0_SOFTRESET_MASK;
2000085a:	f242 0300 	movw	r3, #8192	; 0x2000
2000085e:	f2ce 0304 	movt	r3, #57348	; 0xe004
20000862:	f242 0200 	movw	r2, #8192	; 0x2000
20000866:	f2ce 0204 	movt	r2, #57348	; 0xe004
2000086a:	6b12      	ldr	r2, [r2, #48]	; 0x30
2000086c:	f022 0280 	bic.w	r2, r2, #128	; 0x80
20000870:	631a      	str	r2, [r3, #48]	; 0x30
20000872:	e031      	b.n	200008d8 <MSS_UART_init+0x114>
    }
    else
    {
        this_uart->hw_reg = UART1;
20000874:	68fa      	ldr	r2, [r7, #12]
20000876:	f240 0300 	movw	r3, #0
2000087a:	f2c4 0301 	movt	r3, #16385	; 0x4001
2000087e:	6013      	str	r3, [r2, #0]
        this_uart->hw_reg_bit = UART1_BITBAND;
20000880:	68fa      	ldr	r2, [r7, #12]
20000882:	f240 0300 	movw	r3, #0
20000886:	f2c4 2320 	movt	r3, #16928	; 0x4220
2000088a:	6053      	str	r3, [r2, #4]
        this_uart->irqn = UART1_IRQn;
2000088c:	68fb      	ldr	r3, [r7, #12]
2000088e:	f04f 020b 	mov.w	r2, #11
20000892:	811a      	strh	r2, [r3, #8]

        pclk_freq = g_FrequencyPCLK1;
20000894:	f640 73fc 	movw	r3, #4092	; 0xffc
20000898:	f2c2 0300 	movt	r3, #8192	; 0x2000
2000089c:	681b      	ldr	r3, [r3, #0]
2000089e:	61bb      	str	r3, [r7, #24]

        /* Reset UART1 */
        SYSREG->SOFT_RST_CR |= SYSREG_UART1_SOFTRESET_MASK;
200008a0:	f242 0300 	movw	r3, #8192	; 0x2000
200008a4:	f2ce 0304 	movt	r3, #57348	; 0xe004
200008a8:	f242 0200 	movw	r2, #8192	; 0x2000
200008ac:	f2ce 0204 	movt	r2, #57348	; 0xe004
200008b0:	6b12      	ldr	r2, [r2, #48]	; 0x30
200008b2:	f442 7280 	orr.w	r2, r2, #256	; 0x100
200008b6:	631a      	str	r2, [r3, #48]	; 0x30
        /* Clear any previously pended UART1 interrupt */
        NVIC_ClearPendingIRQ( UART1_IRQn );
200008b8:	f04f 000b 	mov.w	r0, #11
200008bc:	f7ff ff64 	bl	20000788 <NVIC_ClearPendingIRQ>
        /* Take UART1 out of reset. */
        SYSREG->SOFT_RST_CR &= ~SYSREG_UART1_SOFTRESET_MASK;
200008c0:	f242 0300 	movw	r3, #8192	; 0x2000
200008c4:	f2ce 0304 	movt	r3, #57348	; 0xe004
200008c8:	f242 0200 	movw	r2, #8192	; 0x2000
200008cc:	f2ce 0204 	movt	r2, #57348	; 0xe004
200008d0:	6b12      	ldr	r2, [r2, #48]	; 0x30
200008d2:	f422 7280 	bic.w	r2, r2, #256	; 0x100
200008d6:	631a      	str	r2, [r3, #48]	; 0x30
    }

    /* disable interrupts */
    this_uart->hw_reg->IER = 0U;
200008d8:	68fb      	ldr	r3, [r7, #12]
200008da:	681b      	ldr	r3, [r3, #0]
200008dc:	f04f 0200 	mov.w	r2, #0
200008e0:	711a      	strb	r2, [r3, #4]
     * The baud value is computed using the following equation:
     *      baud_value_l = PCLK_Frequency / (baud_rate * 16)
     * The baud value is rounded up or down depending on what would be the remainder
     * of the divide by 16 operation.
     */
    if( 0U < baud_rate )
200008e2:	68bb      	ldr	r3, [r7, #8]
200008e4:	2b00      	cmp	r3, #0
200008e6:	d021      	beq.n	2000092c <MSS_UART_init+0x168>
    {
        baud_value_l = (uint32_t)(pclk_freq / baud_rate);
200008e8:	69ba      	ldr	r2, [r7, #24]
200008ea:	68bb      	ldr	r3, [r7, #8]
200008ec:	fbb2 f3f3 	udiv	r3, r2, r3
200008f0:	61fb      	str	r3, [r7, #28]
        if( baud_value_l & 0x00000008U )
200008f2:	69fb      	ldr	r3, [r7, #28]
200008f4:	f003 0308 	and.w	r3, r3, #8
200008f8:	2b00      	cmp	r3, #0
200008fa:	d006      	beq.n	2000090a <MSS_UART_init+0x146>
        {
            /* remainder above 0.5 */
            baud_value_l = (baud_value_l >> 4U) + 1U;        
200008fc:	69fb      	ldr	r3, [r7, #28]
200008fe:	ea4f 1313 	mov.w	r3, r3, lsr #4
20000902:	f103 0301 	add.w	r3, r3, #1
20000906:	61fb      	str	r3, [r7, #28]
20000908:	e003      	b.n	20000912 <MSS_UART_init+0x14e>
        }
        else
        {
            /* remainder below 0.5 */
            baud_value_l = (baud_value_l >> 4U);
2000090a:	69fb      	ldr	r3, [r7, #28]
2000090c:	ea4f 1313 	mov.w	r3, r3, lsr #4
20000910:	61fb      	str	r3, [r7, #28]
        }
    
        /* Check if the baud rate is supported by the PCLK */
        ASSERT( baud_value_l <= UINT16_MAX);
20000912:	69fa      	ldr	r2, [r7, #28]
20000914:	f64f 73ff 	movw	r3, #65535	; 0xffff
20000918:	429a      	cmp	r2, r3
2000091a:	d900      	bls.n	2000091e <MSS_UART_init+0x15a>
2000091c:	be00      	bkpt	0x0000
        if( baud_value_l <= (uint32_t)UINT16_MAX)
2000091e:	69fa      	ldr	r2, [r7, #28]
20000920:	f64f 73ff 	movw	r3, #65535	; 0xffff
20000924:	429a      	cmp	r2, r3
20000926:	d801      	bhi.n	2000092c <MSS_UART_init+0x168>
        {
            baud_value = (uint16_t)baud_value_l;
20000928:	69fb      	ldr	r3, [r7, #28]
2000092a:	82fb      	strh	r3, [r7, #22]
        }
    }
    
    /* set divisor latch */
    this_uart->hw_reg_bit->LCR_DLAB = (uint32_t)1;
2000092c:	68fb      	ldr	r3, [r7, #12]
2000092e:	685b      	ldr	r3, [r3, #4]
20000930:	f04f 0201 	mov.w	r2, #1
20000934:	f8c3 219c 	str.w	r2, [r3, #412]	; 0x19c

    /* msb of baud value */
    this_uart->hw_reg->DMR = (uint8_t)(baud_value >> 8);
20000938:	68fb      	ldr	r3, [r7, #12]
2000093a:	681b      	ldr	r3, [r3, #0]
2000093c:	8afa      	ldrh	r2, [r7, #22]
2000093e:	ea4f 2212 	mov.w	r2, r2, lsr #8
20000942:	b292      	uxth	r2, r2
20000944:	b2d2      	uxtb	r2, r2
20000946:	711a      	strb	r2, [r3, #4]
    /* lsb of baud value */
    this_uart->hw_reg->DLR = (uint8_t)baud_value;
20000948:	68fb      	ldr	r3, [r7, #12]
2000094a:	681b      	ldr	r3, [r3, #0]
2000094c:	8afa      	ldrh	r2, [r7, #22]
2000094e:	b2d2      	uxtb	r2, r2
20000950:	701a      	strb	r2, [r3, #0]

    /* reset divisor latch */
    this_uart->hw_reg_bit->LCR_DLAB = (uint32_t)0;
20000952:	68fb      	ldr	r3, [r7, #12]
20000954:	685b      	ldr	r3, [r3, #4]
20000956:	f04f 0200 	mov.w	r2, #0
2000095a:	f8c3 219c 	str.w	r2, [r3, #412]	; 0x19c

    /* set the line control register (bit length, stop bits, parity) */
    this_uart->hw_reg->LCR = line_config;
2000095e:	68fb      	ldr	r3, [r7, #12]
20000960:	681b      	ldr	r3, [r3, #0]
20000962:	79fa      	ldrb	r2, [r7, #7]
20000964:	731a      	strb	r2, [r3, #12]

    /* FIFO configuration */
    /* RX FIFO length = 1 byte, clear receiver FIFO, 
       clear transmitter FIFO, enable RXRDYN and TXRDYN pins. */
    this_uart->hw_reg->FCR = (uint8_t)MSS_UART_FIFO_SINGLE_BYTE | 
20000966:	68fb      	ldr	r3, [r7, #12]
20000968:	681b      	ldr	r3, [r3, #0]
2000096a:	f04f 020e 	mov.w	r2, #14
2000096e:	721a      	strb	r2, [r3, #8]
                              FCR_CLEAR_RX_FIFO_MASK | FCR_CLEAR_TX_FIFO_MASK | 
                              FCR_ENABLE_TXRDY_RXRDY_MASK;
    /* disable loopback */
    this_uart->hw_reg_bit->MCR_LOOP = (uint32_t)0;
20000970:	68fb      	ldr	r3, [r7, #12]
20000972:	685b      	ldr	r3, [r3, #4]
20000974:	f04f 0200 	mov.w	r2, #0
20000978:	f8c3 2210 	str.w	r2, [r3, #528]	; 0x210

    /* Instance setup */
    this_uart->tx_buff_size = TX_COMPLETE;
2000097c:	68fb      	ldr	r3, [r7, #12]
2000097e:	f04f 0200 	mov.w	r2, #0
20000982:	611a      	str	r2, [r3, #16]
    this_uart->tx_buffer = (const uint8_t *)0;
20000984:	68fb      	ldr	r3, [r7, #12]
20000986:	f04f 0200 	mov.w	r2, #0
2000098a:	60da      	str	r2, [r3, #12]
    this_uart->tx_idx = 0U;
2000098c:	68fb      	ldr	r3, [r7, #12]
2000098e:	f04f 0200 	mov.w	r2, #0
20000992:	615a      	str	r2, [r3, #20]

    /* Default handlers for MSS UART interrupts */
    this_uart->rx_handler       = NULL_HANDLER;
20000994:	68fb      	ldr	r3, [r7, #12]
20000996:	f04f 0200 	mov.w	r2, #0
2000099a:	61da      	str	r2, [r3, #28]
    this_uart->tx_handler       = default_tx_handler;
2000099c:	68fa      	ldr	r2, [r7, #12]
2000099e:	f640 33c9 	movw	r3, #3017	; 0xbc9
200009a2:	f2c2 0300 	movt	r3, #8192	; 0x2000
200009a6:	6213      	str	r3, [r2, #32]
    this_uart->linests_handler  = NULL_HANDLER;
200009a8:	68fb      	ldr	r3, [r7, #12]
200009aa:	f04f 0200 	mov.w	r2, #0
200009ae:	619a      	str	r2, [r3, #24]
    this_uart->modemsts_handler = NULL_HANDLER;
200009b0:	68fb      	ldr	r3, [r7, #12]
200009b2:	f04f 0200 	mov.w	r2, #0
200009b6:	625a      	str	r2, [r3, #36]	; 0x24

    /* Initialize the sticky status */
    this_uart->status = 0U;
200009b8:	68fb      	ldr	r3, [r7, #12]
200009ba:	f04f 0200 	mov.w	r2, #0
200009be:	729a      	strb	r2, [r3, #10]
}
200009c0:	f107 0720 	add.w	r7, r7, #32
200009c4:	46bd      	mov	sp, r7
200009c6:	bd80      	pop	{r7, pc}

200009c8 <MSS_UART_polled_tx>:
(
    mss_uart_instance_t * this_uart,
    const uint8_t * pbuff,
    uint32_t tx_size
)
{
200009c8:	b480      	push	{r7}
200009ca:	b089      	sub	sp, #36	; 0x24
200009cc:	af00      	add	r7, sp, #0
200009ce:	60f8      	str	r0, [r7, #12]
200009d0:	60b9      	str	r1, [r7, #8]
200009d2:	607a      	str	r2, [r7, #4]
    uint32_t char_idx = 0U;
200009d4:	f04f 0300 	mov.w	r3, #0
200009d8:	613b      	str	r3, [r7, #16]
    uint32_t size_sent;
    uint8_t status;

    ASSERT( (this_uart == &g_mss_uart0) || (this_uart == &g_mss_uart1) );
200009da:	68fa      	ldr	r2, [r7, #12]
200009dc:	f241 0348 	movw	r3, #4168	; 0x1048
200009e0:	f2c2 0300 	movt	r3, #8192	; 0x2000
200009e4:	429a      	cmp	r2, r3
200009e6:	d007      	beq.n	200009f8 <MSS_UART_polled_tx+0x30>
200009e8:	68fa      	ldr	r2, [r7, #12]
200009ea:	f241 0320 	movw	r3, #4128	; 0x1020
200009ee:	f2c2 0300 	movt	r3, #8192	; 0x2000
200009f2:	429a      	cmp	r2, r3
200009f4:	d000      	beq.n	200009f8 <MSS_UART_polled_tx+0x30>
200009f6:	be00      	bkpt	0x0000
    ASSERT( pbuff != ( (uint8_t *)0 ) );
200009f8:	68bb      	ldr	r3, [r7, #8]
200009fa:	2b00      	cmp	r3, #0
200009fc:	d100      	bne.n	20000a00 <MSS_UART_polled_tx+0x38>
200009fe:	be00      	bkpt	0x0000
    ASSERT( tx_size > 0U );
20000a00:	687b      	ldr	r3, [r7, #4]
20000a02:	2b00      	cmp	r3, #0
20000a04:	d100      	bne.n	20000a08 <MSS_UART_polled_tx+0x40>
20000a06:	be00      	bkpt	0x0000

    if( ( (this_uart == &g_mss_uart0) || (this_uart == &g_mss_uart1) ) &&
20000a08:	68fa      	ldr	r2, [r7, #12]
20000a0a:	f241 0348 	movw	r3, #4168	; 0x1048
20000a0e:	f2c2 0300 	movt	r3, #8192	; 0x2000
20000a12:	429a      	cmp	r2, r3
20000a14:	d006      	beq.n	20000a24 <MSS_UART_polled_tx+0x5c>
20000a16:	68fa      	ldr	r2, [r7, #12]
20000a18:	f241 0320 	movw	r3, #4128	; 0x1020
20000a1c:	f2c2 0300 	movt	r3, #8192	; 0x2000
20000a20:	429a      	cmp	r2, r3
20000a22:	d13d      	bne.n	20000aa0 <MSS_UART_polled_tx+0xd8>
20000a24:	68bb      	ldr	r3, [r7, #8]
20000a26:	2b00      	cmp	r3, #0
20000a28:	d03a      	beq.n	20000aa0 <MSS_UART_polled_tx+0xd8>
20000a2a:	687b      	ldr	r3, [r7, #4]
20000a2c:	2b00      	cmp	r3, #0
20000a2e:	d037      	beq.n	20000aa0 <MSS_UART_polled_tx+0xd8>
         /* Remain in this loop until the entire input buffer
          * has been transferred to the UART.
          */
        do {
            /* Read the Line Status Register and update the sticky record */
            status = this_uart->hw_reg->LSR;
20000a30:	68fb      	ldr	r3, [r7, #12]
20000a32:	681b      	ldr	r3, [r3, #0]
20000a34:	7d1b      	ldrb	r3, [r3, #20]
20000a36:	76fb      	strb	r3, [r7, #27]
            this_uart->status |= status;
20000a38:	68fb      	ldr	r3, [r7, #12]
20000a3a:	7a9a      	ldrb	r2, [r3, #10]
20000a3c:	7efb      	ldrb	r3, [r7, #27]
20000a3e:	ea42 0303 	orr.w	r3, r2, r3
20000a42:	b2da      	uxtb	r2, r3
20000a44:	68fb      	ldr	r3, [r7, #12]
20000a46:	729a      	strb	r2, [r3, #10]

            /* Check if TX FIFO is empty. */
            if( status & MSS_UART_THRE )
20000a48:	7efb      	ldrb	r3, [r7, #27]
20000a4a:	f003 0320 	and.w	r3, r3, #32
20000a4e:	2b00      	cmp	r3, #0
20000a50:	d023      	beq.n	20000a9a <MSS_UART_polled_tx+0xd2>
            {
                uint32_t fill_size = TX_FIFO_SIZE;
20000a52:	f04f 0310 	mov.w	r3, #16
20000a56:	61fb      	str	r3, [r7, #28]

                /* Calculate the number of bytes to transmit. */
                if ( tx_size < TX_FIFO_SIZE )
20000a58:	687b      	ldr	r3, [r7, #4]
20000a5a:	2b0f      	cmp	r3, #15
20000a5c:	d801      	bhi.n	20000a62 <MSS_UART_polled_tx+0x9a>
                {
                    fill_size = tx_size;
20000a5e:	687b      	ldr	r3, [r7, #4]
20000a60:	61fb      	str	r3, [r7, #28]
                }

                /* Fill the TX FIFO with the calculated the number of bytes. */
                for ( size_sent = 0U; size_sent < fill_size; ++size_sent )
20000a62:	f04f 0300 	mov.w	r3, #0
20000a66:	617b      	str	r3, [r7, #20]
20000a68:	e00e      	b.n	20000a88 <MSS_UART_polled_tx+0xc0>
                {
                    /* Send next character in the buffer. */
                    this_uart->hw_reg->THR = pbuff[char_idx++];
20000a6a:	68fb      	ldr	r3, [r7, #12]
20000a6c:	681b      	ldr	r3, [r3, #0]
20000a6e:	68b9      	ldr	r1, [r7, #8]
20000a70:	693a      	ldr	r2, [r7, #16]
20000a72:	440a      	add	r2, r1
20000a74:	7812      	ldrb	r2, [r2, #0]
20000a76:	701a      	strb	r2, [r3, #0]
20000a78:	693b      	ldr	r3, [r7, #16]
20000a7a:	f103 0301 	add.w	r3, r3, #1
20000a7e:	613b      	str	r3, [r7, #16]
                {
                    fill_size = tx_size;
                }

                /* Fill the TX FIFO with the calculated the number of bytes. */
                for ( size_sent = 0U; size_sent < fill_size; ++size_sent )
20000a80:	697b      	ldr	r3, [r7, #20]
20000a82:	f103 0301 	add.w	r3, r3, #1
20000a86:	617b      	str	r3, [r7, #20]
20000a88:	697a      	ldr	r2, [r7, #20]
20000a8a:	69fb      	ldr	r3, [r7, #28]
20000a8c:	429a      	cmp	r2, r3
20000a8e:	d3ec      	bcc.n	20000a6a <MSS_UART_polled_tx+0xa2>
                    /* Send next character in the buffer. */
                    this_uart->hw_reg->THR = pbuff[char_idx++];
                }

                /* Calculate the number of untransmitted bytes remaining. */
                tx_size -= size_sent;
20000a90:	687a      	ldr	r2, [r7, #4]
20000a92:	697b      	ldr	r3, [r7, #20]
20000a94:	ebc3 0302 	rsb	r3, r3, r2
20000a98:	607b      	str	r3, [r7, #4]
            }
        }while( tx_size );
20000a9a:	687b      	ldr	r3, [r7, #4]
20000a9c:	2b00      	cmp	r3, #0
20000a9e:	d1c7      	bne.n	20000a30 <MSS_UART_polled_tx+0x68>
    }
}
20000aa0:	f107 0724 	add.w	r7, r7, #36	; 0x24
20000aa4:	46bd      	mov	sp, r7
20000aa6:	bc80      	pop	{r7}
20000aa8:	4770      	bx	lr
20000aaa:	bf00      	nop

20000aac <MSS_UART_isr>:
static void
MSS_UART_isr
(
    mss_uart_instance_t * this_uart
)
{
20000aac:	b580      	push	{r7, lr}
20000aae:	b084      	sub	sp, #16
20000ab0:	af00      	add	r7, sp, #0
20000ab2:	6078      	str	r0, [r7, #4]
    uint8_t iirf;

    ASSERT( (this_uart == &g_mss_uart0) || (this_uart == &g_mss_uart1) );
20000ab4:	687a      	ldr	r2, [r7, #4]
20000ab6:	f241 0348 	movw	r3, #4168	; 0x1048
20000aba:	f2c2 0300 	movt	r3, #8192	; 0x2000
20000abe:	429a      	cmp	r2, r3
20000ac0:	d007      	beq.n	20000ad2 <MSS_UART_isr+0x26>
20000ac2:	687a      	ldr	r2, [r7, #4]
20000ac4:	f241 0320 	movw	r3, #4128	; 0x1020
20000ac8:	f2c2 0300 	movt	r3, #8192	; 0x2000
20000acc:	429a      	cmp	r2, r3
20000ace:	d000      	beq.n	20000ad2 <MSS_UART_isr+0x26>
20000ad0:	be00      	bkpt	0x0000

    if ( (this_uart == &g_mss_uart0) || (this_uart == &g_mss_uart1) )
20000ad2:	687a      	ldr	r2, [r7, #4]
20000ad4:	f241 0348 	movw	r3, #4168	; 0x1048
20000ad8:	f2c2 0300 	movt	r3, #8192	; 0x2000
20000adc:	429a      	cmp	r2, r3
20000ade:	d006      	beq.n	20000aee <MSS_UART_isr+0x42>
20000ae0:	687a      	ldr	r2, [r7, #4]
20000ae2:	f241 0320 	movw	r3, #4128	; 0x1020
20000ae6:	f2c2 0300 	movt	r3, #8192	; 0x2000
20000aea:	429a      	cmp	r2, r3
20000aec:	d167      	bne.n	20000bbe <MSS_UART_isr+0x112>
    {
        iirf = this_uart->hw_reg->IIR & IIRF_MASK;
20000aee:	687b      	ldr	r3, [r7, #4]
20000af0:	681b      	ldr	r3, [r3, #0]
20000af2:	7a1b      	ldrb	r3, [r3, #8]
20000af4:	b2db      	uxtb	r3, r3
20000af6:	f003 030f 	and.w	r3, r3, #15
20000afa:	73fb      	strb	r3, [r7, #15]

        switch ( iirf )
20000afc:	7bfb      	ldrb	r3, [r7, #15]
20000afe:	2b0c      	cmp	r3, #12
20000b00:	d854      	bhi.n	20000bac <MSS_UART_isr+0x100>
20000b02:	a201      	add	r2, pc, #4	; (adr r2, 20000b08 <MSS_UART_isr+0x5c>)
20000b04:	f852 f023 	ldr.w	pc, [r2, r3, lsl #2]
20000b08:	20000b3d 	.word	0x20000b3d
20000b0c:	20000bad 	.word	0x20000bad
20000b10:	20000b59 	.word	0x20000b59
20000b14:	20000bad 	.word	0x20000bad
20000b18:	20000b75 	.word	0x20000b75
20000b1c:	20000bad 	.word	0x20000bad
20000b20:	20000b91 	.word	0x20000b91
20000b24:	20000bad 	.word	0x20000bad
20000b28:	20000bad 	.word	0x20000bad
20000b2c:	20000bad 	.word	0x20000bad
20000b30:	20000bad 	.word	0x20000bad
20000b34:	20000bad 	.word	0x20000bad
20000b38:	20000b75 	.word	0x20000b75
        {
            case IIRF_MODEM_STATUS:  /* Modem status interrupt */
            {
                ASSERT( NULL_HANDLER != this_uart->modemsts_handler );
20000b3c:	687b      	ldr	r3, [r7, #4]
20000b3e:	6a5b      	ldr	r3, [r3, #36]	; 0x24
20000b40:	2b00      	cmp	r3, #0
20000b42:	d100      	bne.n	20000b46 <MSS_UART_isr+0x9a>
20000b44:	be00      	bkpt	0x0000
                if( NULL_HANDLER != this_uart->modemsts_handler )
20000b46:	687b      	ldr	r3, [r7, #4]
20000b48:	6a5b      	ldr	r3, [r3, #36]	; 0x24
20000b4a:	2b00      	cmp	r3, #0
20000b4c:	d030      	beq.n	20000bb0 <MSS_UART_isr+0x104>
                {
                   (*(this_uart->modemsts_handler))( this_uart );
20000b4e:	687b      	ldr	r3, [r7, #4]
20000b50:	6a5b      	ldr	r3, [r3, #36]	; 0x24
20000b52:	6878      	ldr	r0, [r7, #4]
20000b54:	4798      	blx	r3
                }
            }
            break;
20000b56:	e032      	b.n	20000bbe <MSS_UART_isr+0x112>

            case IIRF_THRE: /* Transmitter Holding Register Empty */
            {
                ASSERT( NULL_HANDLER != this_uart->tx_handler );
20000b58:	687b      	ldr	r3, [r7, #4]
20000b5a:	6a1b      	ldr	r3, [r3, #32]
20000b5c:	2b00      	cmp	r3, #0
20000b5e:	d100      	bne.n	20000b62 <MSS_UART_isr+0xb6>
20000b60:	be00      	bkpt	0x0000
                if ( NULL_HANDLER != this_uart->tx_handler )
20000b62:	687b      	ldr	r3, [r7, #4]
20000b64:	6a1b      	ldr	r3, [r3, #32]
20000b66:	2b00      	cmp	r3, #0
20000b68:	d024      	beq.n	20000bb4 <MSS_UART_isr+0x108>
                {
                    (*(this_uart->tx_handler))( this_uart );
20000b6a:	687b      	ldr	r3, [r7, #4]
20000b6c:	6a1b      	ldr	r3, [r3, #32]
20000b6e:	6878      	ldr	r0, [r7, #4]
20000b70:	4798      	blx	r3
                }
            }
            break;
20000b72:	e024      	b.n	20000bbe <MSS_UART_isr+0x112>

            case IIRF_RX_DATA:      /* Received Data Available */
            case IIRF_DATA_TIMEOUT: /* Received Data Timed-out */
            {
                ASSERT( NULL_HANDLER != this_uart->rx_handler );
20000b74:	687b      	ldr	r3, [r7, #4]
20000b76:	69db      	ldr	r3, [r3, #28]
20000b78:	2b00      	cmp	r3, #0
20000b7a:	d100      	bne.n	20000b7e <MSS_UART_isr+0xd2>
20000b7c:	be00      	bkpt	0x0000
                if ( NULL_HANDLER != this_uart->rx_handler )
20000b7e:	687b      	ldr	r3, [r7, #4]
20000b80:	69db      	ldr	r3, [r3, #28]
20000b82:	2b00      	cmp	r3, #0
20000b84:	d018      	beq.n	20000bb8 <MSS_UART_isr+0x10c>
                {
                    (*(this_uart->rx_handler))( this_uart );
20000b86:	687b      	ldr	r3, [r7, #4]
20000b88:	69db      	ldr	r3, [r3, #28]
20000b8a:	6878      	ldr	r0, [r7, #4]
20000b8c:	4798      	blx	r3
                }
            }
            break;
20000b8e:	e016      	b.n	20000bbe <MSS_UART_isr+0x112>

            case IIRF_RX_LINE_STATUS:  /* Line Status Interrupt */
            {
                ASSERT( NULL_HANDLER != this_uart->linests_handler );
20000b90:	687b      	ldr	r3, [r7, #4]
20000b92:	699b      	ldr	r3, [r3, #24]
20000b94:	2b00      	cmp	r3, #0
20000b96:	d100      	bne.n	20000b9a <MSS_UART_isr+0xee>
20000b98:	be00      	bkpt	0x0000
                if ( NULL_HANDLER != this_uart->linests_handler )
20000b9a:	687b      	ldr	r3, [r7, #4]
20000b9c:	699b      	ldr	r3, [r3, #24]
20000b9e:	2b00      	cmp	r3, #0
20000ba0:	d00c      	beq.n	20000bbc <MSS_UART_isr+0x110>
                {
                   (*(this_uart->linests_handler))( this_uart );
20000ba2:	687b      	ldr	r3, [r7, #4]
20000ba4:	699b      	ldr	r3, [r3, #24]
20000ba6:	6878      	ldr	r0, [r7, #4]
20000ba8:	4798      	blx	r3
                }
            }
            break;
20000baa:	e008      	b.n	20000bbe <MSS_UART_isr+0x112>

            default:
            {
                ASSERT( INVALID_INTERRUPT );
20000bac:	be00      	bkpt	0x0000
20000bae:	e006      	b.n	20000bbe <MSS_UART_isr+0x112>
                if( NULL_HANDLER != this_uart->modemsts_handler )
                {
                   (*(this_uart->modemsts_handler))( this_uart );
                }
            }
            break;
20000bb0:	bf00      	nop
20000bb2:	e004      	b.n	20000bbe <MSS_UART_isr+0x112>
                if ( NULL_HANDLER != this_uart->tx_handler )
                {
                    (*(this_uart->tx_handler))( this_uart );
                }
            }
            break;
20000bb4:	bf00      	nop
20000bb6:	e002      	b.n	20000bbe <MSS_UART_isr+0x112>
                if ( NULL_HANDLER != this_uart->rx_handler )
                {
                    (*(this_uart->rx_handler))( this_uart );
                }
            }
            break;
20000bb8:	bf00      	nop
20000bba:	e000      	b.n	20000bbe <MSS_UART_isr+0x112>
                if ( NULL_HANDLER != this_uart->linests_handler )
                {
                   (*(this_uart->linests_handler))( this_uart );
                }
            }
            break;
20000bbc:	bf00      	nop
                ASSERT( INVALID_INTERRUPT );
            }
            break;
        }
    }
}
20000bbe:	f107 0710 	add.w	r7, r7, #16
20000bc2:	46bd      	mov	sp, r7
20000bc4:	bd80      	pop	{r7, pc}
20000bc6:	bf00      	nop

20000bc8 <default_tx_handler>:
static void
default_tx_handler
(
    mss_uart_instance_t * this_uart
)
{
20000bc8:	b480      	push	{r7}
20000bca:	b087      	sub	sp, #28
20000bcc:	af00      	add	r7, sp, #0
20000bce:	6078      	str	r0, [r7, #4]
    uint8_t status;

    ASSERT( (this_uart == &g_mss_uart0) || (this_uart == &g_mss_uart1) );
20000bd0:	687a      	ldr	r2, [r7, #4]
20000bd2:	f241 0348 	movw	r3, #4168	; 0x1048
20000bd6:	f2c2 0300 	movt	r3, #8192	; 0x2000
20000bda:	429a      	cmp	r2, r3
20000bdc:	d007      	beq.n	20000bee <default_tx_handler+0x26>
20000bde:	687a      	ldr	r2, [r7, #4]
20000be0:	f241 0320 	movw	r3, #4128	; 0x1020
20000be4:	f2c2 0300 	movt	r3, #8192	; 0x2000
20000be8:	429a      	cmp	r2, r3
20000bea:	d000      	beq.n	20000bee <default_tx_handler+0x26>
20000bec:	be00      	bkpt	0x0000
    ASSERT( ( (uint8_t *)0 ) != this_uart->tx_buffer );
20000bee:	687b      	ldr	r3, [r7, #4]
20000bf0:	68db      	ldr	r3, [r3, #12]
20000bf2:	2b00      	cmp	r3, #0
20000bf4:	d100      	bne.n	20000bf8 <default_tx_handler+0x30>
20000bf6:	be00      	bkpt	0x0000
    ASSERT( 0U < this_uart->tx_buff_size );
20000bf8:	687b      	ldr	r3, [r7, #4]
20000bfa:	691b      	ldr	r3, [r3, #16]
20000bfc:	2b00      	cmp	r3, #0
20000bfe:	d100      	bne.n	20000c02 <default_tx_handler+0x3a>
20000c00:	be00      	bkpt	0x0000

    if( ( (this_uart == &g_mss_uart0) || (this_uart == &g_mss_uart1) ) &&
20000c02:	687a      	ldr	r2, [r7, #4]
20000c04:	f241 0348 	movw	r3, #4168	; 0x1048
20000c08:	f2c2 0300 	movt	r3, #8192	; 0x2000
20000c0c:	429a      	cmp	r2, r3
20000c0e:	d006      	beq.n	20000c1e <default_tx_handler+0x56>
20000c10:	687a      	ldr	r2, [r7, #4]
20000c12:	f241 0320 	movw	r3, #4128	; 0x1020
20000c16:	f2c2 0300 	movt	r3, #8192	; 0x2000
20000c1a:	429a      	cmp	r2, r3
20000c1c:	d152      	bne.n	20000cc4 <default_tx_handler+0xfc>
        ( ( (uint8_t *)0 ) != this_uart->tx_buffer ) &&
20000c1e:	687b      	ldr	r3, [r7, #4]
20000c20:	68db      	ldr	r3, [r3, #12]

    ASSERT( (this_uart == &g_mss_uart0) || (this_uart == &g_mss_uart1) );
    ASSERT( ( (uint8_t *)0 ) != this_uart->tx_buffer );
    ASSERT( 0U < this_uart->tx_buff_size );

    if( ( (this_uart == &g_mss_uart0) || (this_uart == &g_mss_uart1) ) &&
20000c22:	2b00      	cmp	r3, #0
20000c24:	d04e      	beq.n	20000cc4 <default_tx_handler+0xfc>
        ( ( (uint8_t *)0 ) != this_uart->tx_buffer ) &&
        ( 0U < this_uart->tx_buff_size ) )
20000c26:	687b      	ldr	r3, [r7, #4]
20000c28:	691b      	ldr	r3, [r3, #16]

    ASSERT( (this_uart == &g_mss_uart0) || (this_uart == &g_mss_uart1) );
    ASSERT( ( (uint8_t *)0 ) != this_uart->tx_buffer );
    ASSERT( 0U < this_uart->tx_buff_size );

    if( ( (this_uart == &g_mss_uart0) || (this_uart == &g_mss_uart1) ) &&
20000c2a:	2b00      	cmp	r3, #0
20000c2c:	d04a      	beq.n	20000cc4 <default_tx_handler+0xfc>
        ( ( (uint8_t *)0 ) != this_uart->tx_buffer ) &&
        ( 0U < this_uart->tx_buff_size ) )
    {
        /* Read the Line Status Register and update the sticky record. */
        status = this_uart->hw_reg->LSR;
20000c2e:	687b      	ldr	r3, [r7, #4]
20000c30:	681b      	ldr	r3, [r3, #0]
20000c32:	7d1b      	ldrb	r3, [r3, #20]
20000c34:	72fb      	strb	r3, [r7, #11]
        this_uart->status |= status;
20000c36:	687b      	ldr	r3, [r7, #4]
20000c38:	7a9a      	ldrb	r2, [r3, #10]
20000c3a:	7afb      	ldrb	r3, [r7, #11]
20000c3c:	ea42 0303 	orr.w	r3, r2, r3
20000c40:	b2da      	uxtb	r2, r3
20000c42:	687b      	ldr	r3, [r7, #4]
20000c44:	729a      	strb	r2, [r3, #10]

        /*
         * This function should only be called as a result of a THRE interrupt.
         * Verify that this is true before proceeding to transmit data.
         */
        if ( status & MSS_UART_THRE )
20000c46:	7afb      	ldrb	r3, [r7, #11]
20000c48:	f003 0320 	and.w	r3, r3, #32
20000c4c:	2b00      	cmp	r3, #0
20000c4e:	d029      	beq.n	20000ca4 <default_tx_handler+0xdc>
        {
            uint32_t i;
            uint32_t fill_size = TX_FIFO_SIZE;
20000c50:	f04f 0310 	mov.w	r3, #16
20000c54:	613b      	str	r3, [r7, #16]
            uint32_t tx_remain = this_uart->tx_buff_size - this_uart->tx_idx;
20000c56:	687b      	ldr	r3, [r7, #4]
20000c58:	691a      	ldr	r2, [r3, #16]
20000c5a:	687b      	ldr	r3, [r7, #4]
20000c5c:	695b      	ldr	r3, [r3, #20]
20000c5e:	ebc3 0302 	rsb	r3, r3, r2
20000c62:	617b      	str	r3, [r7, #20]

            /* Calculate the number of bytes to transmit. */
            if ( tx_remain < TX_FIFO_SIZE )
20000c64:	697b      	ldr	r3, [r7, #20]
20000c66:	2b0f      	cmp	r3, #15
20000c68:	d801      	bhi.n	20000c6e <default_tx_handler+0xa6>
            {
                fill_size = tx_remain;
20000c6a:	697b      	ldr	r3, [r7, #20]
20000c6c:	613b      	str	r3, [r7, #16]
            }

            /* Fill the TX FIFO with the calculated the number of bytes. */
            for ( i = 0U; i < fill_size; ++i )
20000c6e:	f04f 0300 	mov.w	r3, #0
20000c72:	60fb      	str	r3, [r7, #12]
20000c74:	e012      	b.n	20000c9c <default_tx_handler+0xd4>
            {
                /* Send next character in the buffer. */
                this_uart->hw_reg->THR = this_uart->tx_buffer[this_uart->tx_idx];
20000c76:	687b      	ldr	r3, [r7, #4]
20000c78:	681b      	ldr	r3, [r3, #0]
20000c7a:	687a      	ldr	r2, [r7, #4]
20000c7c:	68d1      	ldr	r1, [r2, #12]
20000c7e:	687a      	ldr	r2, [r7, #4]
20000c80:	6952      	ldr	r2, [r2, #20]
20000c82:	440a      	add	r2, r1
20000c84:	7812      	ldrb	r2, [r2, #0]
20000c86:	701a      	strb	r2, [r3, #0]
                ++this_uart->tx_idx;
20000c88:	687b      	ldr	r3, [r7, #4]
20000c8a:	695b      	ldr	r3, [r3, #20]
20000c8c:	f103 0201 	add.w	r2, r3, #1
20000c90:	687b      	ldr	r3, [r7, #4]
20000c92:	615a      	str	r2, [r3, #20]
            {
                fill_size = tx_remain;
            }

            /* Fill the TX FIFO with the calculated the number of bytes. */
            for ( i = 0U; i < fill_size; ++i )
20000c94:	68fb      	ldr	r3, [r7, #12]
20000c96:	f103 0301 	add.w	r3, r3, #1
20000c9a:	60fb      	str	r3, [r7, #12]
20000c9c:	68fa      	ldr	r2, [r7, #12]
20000c9e:	693b      	ldr	r3, [r7, #16]
20000ca0:	429a      	cmp	r2, r3
20000ca2:	d3e8      	bcc.n	20000c76 <default_tx_handler+0xae>
                ++this_uart->tx_idx;
            }
        }

        /* Flag Tx as complete if all data has been pushed into the Tx FIFO. */
        if ( this_uart->tx_idx == this_uart->tx_buff_size )
20000ca4:	687b      	ldr	r3, [r7, #4]
20000ca6:	695a      	ldr	r2, [r3, #20]
20000ca8:	687b      	ldr	r3, [r7, #4]
20000caa:	691b      	ldr	r3, [r3, #16]
20000cac:	429a      	cmp	r2, r3
20000cae:	d109      	bne.n	20000cc4 <default_tx_handler+0xfc>
        {
            this_uart->tx_buff_size = TX_COMPLETE;
20000cb0:	687b      	ldr	r3, [r7, #4]
20000cb2:	f04f 0200 	mov.w	r2, #0
20000cb6:	611a      	str	r2, [r3, #16]
            /* disables TX interrupt */
            this_uart->hw_reg_bit->IER_ETBEI = 0U;
20000cb8:	687b      	ldr	r3, [r7, #4]
20000cba:	685b      	ldr	r3, [r3, #4]
20000cbc:	f04f 0200 	mov.w	r2, #0
20000cc0:	f8c3 2084 	str.w	r2, [r3, #132]	; 0x84
        }
    }
}
20000cc4:	f107 071c 	add.w	r7, r7, #28
20000cc8:	46bd      	mov	sp, r7
20000cca:	bc80      	pop	{r7}
20000ccc:	4770      	bx	lr
20000cce:	bf00      	nop

20000cd0 <UART0_IRQHandler>:
#if defined(__GNUC__)
__attribute__((__interrupt__)) void UART0_IRQHandler( void )
#else
void UART0_IRQHandler( void )
#endif
{
20000cd0:	4668      	mov	r0, sp
20000cd2:	f020 0107 	bic.w	r1, r0, #7
20000cd6:	468d      	mov	sp, r1
20000cd8:	b589      	push	{r0, r3, r7, lr}
20000cda:	af00      	add	r7, sp, #0
    MSS_UART_isr( &g_mss_uart0 );
20000cdc:	f241 0048 	movw	r0, #4168	; 0x1048
20000ce0:	f2c2 0000 	movt	r0, #8192	; 0x2000
20000ce4:	f7ff fee2 	bl	20000aac <MSS_UART_isr>
    NVIC_ClearPendingIRQ( UART0_IRQn );
20000ce8:	f04f 000a 	mov.w	r0, #10
20000cec:	f7ff fd4c 	bl	20000788 <NVIC_ClearPendingIRQ>
}
20000cf0:	46bd      	mov	sp, r7
20000cf2:	e8bd 4089 	ldmia.w	sp!, {r0, r3, r7, lr}
20000cf6:	4685      	mov	sp, r0
20000cf8:	4770      	bx	lr
20000cfa:	bf00      	nop

20000cfc <UART1_IRQHandler>:
#if defined(__GNUC__)
__attribute__((__interrupt__)) void UART1_IRQHandler( void )
#else
void UART1_IRQHandler( void )
#endif
{
20000cfc:	4668      	mov	r0, sp
20000cfe:	f020 0107 	bic.w	r1, r0, #7
20000d02:	468d      	mov	sp, r1
20000d04:	b589      	push	{r0, r3, r7, lr}
20000d06:	af00      	add	r7, sp, #0
    MSS_UART_isr( &g_mss_uart1 );
20000d08:	f241 0020 	movw	r0, #4128	; 0x1020
20000d0c:	f2c2 0000 	movt	r0, #8192	; 0x2000
20000d10:	f7ff fecc 	bl	20000aac <MSS_UART_isr>
    NVIC_ClearPendingIRQ( UART1_IRQn );
20000d14:	f04f 000b 	mov.w	r0, #11
20000d18:	f7ff fd36 	bl	20000788 <NVIC_ClearPendingIRQ>
}
20000d1c:	46bd      	mov	sp, r7
20000d1e:	e8bd 4089 	ldmia.w	sp!, {r0, r3, r7, lr}
20000d22:	4685      	mov	sp, r0
20000d24:	4770      	bx	lr
20000d26:	bf00      	nop

20000d28 <SystemInit>:

/***************************************************************************//**
 * See system_a2fxxxm3f.h for details.
 */
void SystemInit(void)
{
20000d28:	b480      	push	{r7}
20000d2a:	af00      	add	r7, sp, #0
    /*
     * Do not make use of global variables or make any asumptions regarding
     * memory content if modifying this function. The memory content has not been
     * initialised by the time this function is called by the start-up code.
     */
}
20000d2c:	46bd      	mov	sp, r7
20000d2e:	bc80      	pop	{r7}
20000d30:	4770      	bx	lr
20000d32:	bf00      	nop

20000d34 <SystemCoreClockUpdate>:

/***************************************************************************//**
 *
 */
void SystemCoreClockUpdate (void)
{
20000d34:	b580      	push	{r7, lr}
20000d36:	b08a      	sub	sp, #40	; 0x28
20000d38:	af00      	add	r7, sp, #0
    uint32_t PclkDiv0;
    uint32_t PclkDiv1;
    uint32_t AceDiv;
    uint32_t FabDiv;

    const uint32_t pclk_div_lut[4] = { 1uL, 2uL, 4uL, 1uL };
20000d3a:	f640 73bc 	movw	r3, #4028	; 0xfbc
20000d3e:	f2c2 0300 	movt	r3, #8192	; 0x2000
20000d42:	46bc      	mov	ip, r7
20000d44:	cb0f      	ldmia	r3!, {r0, r1, r2, r3}
20000d46:	e88c 000f 	stmia.w	ip, {r0, r1, r2, r3}

    /* Read PCLK dividers from system registers. Multiply the value read from
     * system register by two to get actual divider value. */
    PclkDiv0 = pclk_div_lut[((SYSREG->MSS_CLK_CR >> PCLK0_DIV_SHIFT) & PCLK_DIV_MASK)];
20000d4a:	f242 0300 	movw	r3, #8192	; 0x2000
20000d4e:	f2ce 0304 	movt	r3, #57348	; 0xe004
20000d52:	6c9b      	ldr	r3, [r3, #72]	; 0x48
20000d54:	ea4f 0393 	mov.w	r3, r3, lsr #2
20000d58:	f003 0303 	and.w	r3, r3, #3
20000d5c:	ea4f 0383 	mov.w	r3, r3, lsl #2
20000d60:	f107 0228 	add.w	r2, r7, #40	; 0x28
20000d64:	4413      	add	r3, r2
20000d66:	f853 3c28 	ldr.w	r3, [r3, #-40]
20000d6a:	613b      	str	r3, [r7, #16]
    PclkDiv1 = pclk_div_lut[((SYSREG->MSS_CLK_CR >> PCLK1_DIV_SHIFT) & PCLK_DIV_MASK)];
20000d6c:	f242 0300 	movw	r3, #8192	; 0x2000
20000d70:	f2ce 0304 	movt	r3, #57348	; 0xe004
20000d74:	6c9b      	ldr	r3, [r3, #72]	; 0x48
20000d76:	ea4f 1313 	mov.w	r3, r3, lsr #4
20000d7a:	f003 0303 	and.w	r3, r3, #3
20000d7e:	ea4f 0383 	mov.w	r3, r3, lsl #2
20000d82:	f107 0228 	add.w	r2, r7, #40	; 0x28
20000d86:	4413      	add	r3, r2
20000d88:	f853 3c28 	ldr.w	r3, [r3, #-40]
20000d8c:	617b      	str	r3, [r7, #20]
    AceDiv = pclk_div_lut[((SYSREG->MSS_CLK_CR >> ACE_DIV_SHIFT) & PCLK_DIV_MASK)];
20000d8e:	f242 0300 	movw	r3, #8192	; 0x2000
20000d92:	f2ce 0304 	movt	r3, #57348	; 0xe004
20000d96:	6c9b      	ldr	r3, [r3, #72]	; 0x48
20000d98:	ea4f 1393 	mov.w	r3, r3, lsr #6
20000d9c:	f003 0303 	and.w	r3, r3, #3
20000da0:	ea4f 0383 	mov.w	r3, r3, lsl #2
20000da4:	f107 0228 	add.w	r2, r7, #40	; 0x28
20000da8:	4413      	add	r3, r2
20000daa:	f853 3c28 	ldr.w	r3, [r3, #-40]
20000dae:	61bb      	str	r3, [r7, #24]
    {
        /* Compute the FPGA fabric frequency divider. */
        uint32_t obdiv;
        uint32_t obdivhalf;
        
        obdiv = (SYSREG->MSS_CCC_DIV_CR >> OBDIV_SHIFT) & OBDIV_MASK;
20000db0:	f242 0300 	movw	r3, #8192	; 0x2000
20000db4:	f2ce 0304 	movt	r3, #57348	; 0xe004
20000db8:	6cdb      	ldr	r3, [r3, #76]	; 0x4c
20000dba:	ea4f 2313 	mov.w	r3, r3, lsr #8
20000dbe:	f003 031f 	and.w	r3, r3, #31
20000dc2:	623b      	str	r3, [r7, #32]
        obdivhalf = (SYSREG->MSS_CCC_DIV_CR >> OBDIVHALF_SHIFT) & OBDIVHALF_MASK;
20000dc4:	f242 0300 	movw	r3, #8192	; 0x2000
20000dc8:	f2ce 0304 	movt	r3, #57348	; 0xe004
20000dcc:	6cdb      	ldr	r3, [r3, #76]	; 0x4c
20000dce:	ea4f 3353 	mov.w	r3, r3, lsr #13
20000dd2:	f003 0301 	and.w	r3, r3, #1
20000dd6:	627b      	str	r3, [r7, #36]	; 0x24
        FabDiv = obdiv + 1uL;
20000dd8:	6a3b      	ldr	r3, [r7, #32]
20000dda:	f103 0301 	add.w	r3, r3, #1
20000dde:	61fb      	str	r3, [r7, #28]
        if ( obdivhalf != 0uL )
20000de0:	6a7b      	ldr	r3, [r7, #36]	; 0x24
20000de2:	2b00      	cmp	r3, #0
20000de4:	d003      	beq.n	20000dee <SystemCoreClockUpdate+0xba>
        {
            FabDiv = FabDiv * 2uL;
20000de6:	69fb      	ldr	r3, [r7, #28]
20000de8:	ea4f 0343 	mov.w	r3, r3, lsl #1
20000dec:	61fb      	str	r3, [r7, #28]
    }
    
    /* Retrieve FCLK from eNVM spare pages if Actel system boot programmed as part of the system. */
    
    /* Read system clock from eNVM spare pages. */
    SystemCoreClock = GetSystemClock();
20000dee:	f000 f849 	bl	20000e84 <GetSystemClock>
20000df2:	4602      	mov	r2, r0
20000df4:	f640 73f4 	movw	r3, #4084	; 0xff4
20000df8:	f2c2 0300 	movt	r3, #8192	; 0x2000
20000dfc:	601a      	str	r2, [r3, #0]
    g_FrequencyPCLK0 = SystemCoreClock / PclkDiv0;
20000dfe:	f640 73f4 	movw	r3, #4084	; 0xff4
20000e02:	f2c2 0300 	movt	r3, #8192	; 0x2000
20000e06:	681a      	ldr	r2, [r3, #0]
20000e08:	693b      	ldr	r3, [r7, #16]
20000e0a:	fbb2 f2f3 	udiv	r2, r2, r3
20000e0e:	f640 73f8 	movw	r3, #4088	; 0xff8
20000e12:	f2c2 0300 	movt	r3, #8192	; 0x2000
20000e16:	601a      	str	r2, [r3, #0]
    g_FrequencyPCLK1 = SystemCoreClock / PclkDiv1;
20000e18:	f640 73f4 	movw	r3, #4084	; 0xff4
20000e1c:	f2c2 0300 	movt	r3, #8192	; 0x2000
20000e20:	681a      	ldr	r2, [r3, #0]
20000e22:	697b      	ldr	r3, [r7, #20]
20000e24:	fbb2 f2f3 	udiv	r2, r2, r3
20000e28:	f640 73fc 	movw	r3, #4092	; 0xffc
20000e2c:	f2c2 0300 	movt	r3, #8192	; 0x2000
20000e30:	601a      	str	r2, [r3, #0]
    g_FrequencyACE = SystemCoreClock / AceDiv;
20000e32:	f640 73f4 	movw	r3, #4084	; 0xff4
20000e36:	f2c2 0300 	movt	r3, #8192	; 0x2000
20000e3a:	681a      	ldr	r2, [r3, #0]
20000e3c:	69bb      	ldr	r3, [r7, #24]
20000e3e:	fbb2 f2f3 	udiv	r2, r2, r3
20000e42:	f241 0300 	movw	r3, #4096	; 0x1000
20000e46:	f2c2 0300 	movt	r3, #8192	; 0x2000
20000e4a:	601a      	str	r2, [r3, #0]
    g_FrequencyFPGA = SystemCoreClock / FabDiv;
20000e4c:	f640 73f4 	movw	r3, #4084	; 0xff4
20000e50:	f2c2 0300 	movt	r3, #8192	; 0x2000
20000e54:	681a      	ldr	r2, [r3, #0]
20000e56:	69fb      	ldr	r3, [r7, #28]
20000e58:	fbb2 f2f3 	udiv	r2, r2, r3
20000e5c:	f241 0304 	movw	r3, #4100	; 0x1004
20000e60:	f2c2 0300 	movt	r3, #8192	; 0x2000
20000e64:	601a      	str	r2, [r3, #0]
    
    /* Keep SystemFrequency as well as SystemCoreClock for legacy reasons. */
    SystemFrequency = SystemCoreClock;
20000e66:	f640 73f4 	movw	r3, #4084	; 0xff4
20000e6a:	f2c2 0300 	movt	r3, #8192	; 0x2000
20000e6e:	681a      	ldr	r2, [r3, #0]
20000e70:	f640 73f0 	movw	r3, #4080	; 0xff0
20000e74:	f2c2 0300 	movt	r3, #8192	; 0x2000
20000e78:	601a      	str	r2, [r3, #0]
}
20000e7a:	f107 0728 	add.w	r7, r7, #40	; 0x28
20000e7e:	46bd      	mov	sp, r7
20000e80:	bd80      	pop	{r7, pc}
20000e82:	bf00      	nop

20000e84 <GetSystemClock>:
 * retrieved from eNVM spare pages.
 * The FCLK frequency value selected in the MSS Configurator software tool is
 * stored in eNVM spare pages as part of the Actel system boot configuration data.
 */
uint32_t GetSystemClock( void )
{
20000e84:	b480      	push	{r7}
20000e86:	b08b      	sub	sp, #44	; 0x2c
20000e88:	af00      	add	r7, sp, #0
    uint32_t fclk = 0uL;
20000e8a:	f04f 0300 	mov.w	r3, #0
20000e8e:	607b      	str	r3, [r7, #4]
    
    uint32_t * p_sysboot_key = SYSBOOT_KEY_ADDR;
20000e90:	f640 031c 	movw	r3, #2076	; 0x81c
20000e94:	f2c6 0308 	movt	r3, #24584	; 0x6008
20000e98:	60bb      	str	r3, [r7, #8]
    uint32_t * p_idcode = IDCODE_LOCATION;
20000e9a:	f240 2330 	movw	r3, #560	; 0x230
20000e9e:	f2c6 0308 	movt	r3, #24584	; 0x6008
20000ea2:	60fb      	str	r3, [r7, #12]
    uint32_t idcode;
	
    idcode = *p_idcode & ~IDCODE_DEV_REV_MASK;
20000ea4:	68fb      	ldr	r3, [r7, #12]
20000ea6:	681b      	ldr	r3, [r3, #0]
20000ea8:	f023 4370 	bic.w	r3, r3, #4026531840	; 0xf0000000
20000eac:	613b      	str	r3, [r7, #16]
	
    if ( A2F060IFX_ID == idcode )
20000eae:	693a      	ldr	r2, [r7, #16]
20000eb0:	f241 13cf 	movw	r3, #4559	; 0x11cf
20000eb4:	f2c0 53a1 	movt	r3, #1441	; 0x5a1
20000eb8:	429a      	cmp	r2, r3
20000eba:	d108      	bne.n	20000ece <GetSystemClock+0x4a>
    {
        uint32_t *p_fclk = SYSBOOT_A2F060_FCLK_ADDR;
20000ebc:	f64e 732c 	movw	r3, #61228	; 0xef2c
20000ec0:	f2c6 0301 	movt	r3, #24577	; 0x6001
20000ec4:	617b      	str	r3, [r7, #20]
        fclk = *p_fclk;
20000ec6:	697b      	ldr	r3, [r7, #20]
20000ec8:	681b      	ldr	r3, [r3, #0]
20000eca:	607b      	str	r3, [r7, #4]
20000ecc:	e03d      	b.n	20000f4a <GetSystemClock+0xc6>
    }
    else if ( SYSBOOT_KEY_VALUE == *p_sysboot_key )
20000ece:	68bb      	ldr	r3, [r7, #8]
20000ed0:	681a      	ldr	r2, [r3, #0]
20000ed2:	f244 3341 	movw	r3, #17217	; 0x4341
20000ed6:	f6c4 4354 	movt	r3, #19540	; 0x4c54
20000eda:	429a      	cmp	r2, r3
20000edc:	d135      	bne.n	20000f4a <GetSystemClock+0xc6>
    {
        /* Actel system boot programmed, check if it has the FCLK value stored. */
        uint32_t *p_sysboot_version = SYSBOOT_VERSION_ADDR;
20000ede:	f640 0340 	movw	r3, #2112	; 0x840
20000ee2:	f2c6 0308 	movt	r3, #24584	; 0x6008
20000ee6:	61bb      	str	r3, [r7, #24]
        uint32_t sysboot_version = *p_sysboot_version;
20000ee8:	69bb      	ldr	r3, [r7, #24]
20000eea:	681b      	ldr	r3, [r3, #0]
20000eec:	61fb      	str	r3, [r7, #28]
        
        sysboot_version &= SYSBOOT_VERSION_MASK;
20000eee:	69fb      	ldr	r3, [r7, #28]
20000ef0:	f023 437f 	bic.w	r3, r3, #4278190080	; 0xff000000
20000ef4:	61fb      	str	r3, [r7, #28]
        
        if ( sysboot_version >= MIN_SYSBOOT_VERSION )
20000ef6:	69fa      	ldr	r2, [r7, #28]
20000ef8:	f240 3300 	movw	r3, #768	; 0x300
20000efc:	f2c0 0301 	movt	r3, #1
20000f00:	429a      	cmp	r2, r3
20000f02:	d922      	bls.n	20000f4a <GetSystemClock+0xc6>
        {
            /* Handle change of eNVM location of FCLK between 1.3.x and 2.x.x versions of the system boot. */
            if ( sysboot_version < SYSBOOT_VERSION_2_X )
20000f04:	69fa      	ldr	r2, [r7, #28]
20000f06:	f64f 73ff 	movw	r3, #65535	; 0xffff
20000f0a:	f2c0 0301 	movt	r3, #1
20000f0e:	429a      	cmp	r2, r3
20000f10:	d808      	bhi.n	20000f24 <GetSystemClock+0xa0>
            {
                /* Read FCLK value from MSS configurator generated configuration
                 * data stored in eNVM spare pages as part of system boot version 1.3.x
                 * configuration tables. */
                uint32_t *p_fclk = SYSBOOT_1_3_FCLK_ADDR;
20000f12:	f241 632c 	movw	r3, #5676	; 0x162c
20000f16:	f2c6 0308 	movt	r3, #24584	; 0x6008
20000f1a:	623b      	str	r3, [r7, #32]
                fclk = *p_fclk;
20000f1c:	6a3b      	ldr	r3, [r7, #32]
20000f1e:	681b      	ldr	r3, [r3, #0]
20000f20:	607b      	str	r3, [r7, #4]
20000f22:	e012      	b.n	20000f4a <GetSystemClock+0xc6>
            }
            else if ( sysboot_version < MAX_SYSBOOT_VERSION )
20000f24:	69fa      	ldr	r2, [r7, #28]
20000f26:	f64f 73ff 	movw	r3, #65535	; 0xffff
20000f2a:	f2c0 0302 	movt	r3, #2
20000f2e:	429a      	cmp	r2, r3
20000f30:	d808      	bhi.n	20000f44 <GetSystemClock+0xc0>
            {
                /* Read FCLK value from MSS configurator generated configuration
                 * data stored in eNVM spare pages as part of system boot version 2.x.x
                 * configuration tables. */
                uint32_t *p_fclk = SYSBOOT_2_x_FCLK_ADDR;
20000f32:	f641 63ac 	movw	r3, #7852	; 0x1eac
20000f36:	f2c6 0308 	movt	r3, #24584	; 0x6008
20000f3a:	627b      	str	r3, [r7, #36]	; 0x24
                fclk = *p_fclk;
20000f3c:	6a7b      	ldr	r3, [r7, #36]	; 0x24
20000f3e:	681b      	ldr	r3, [r3, #0]
20000f40:	607b      	str	r3, [r7, #4]
20000f42:	e002      	b.n	20000f4a <GetSystemClock+0xc6>
            }
            else
            {
                fclk = 0uL;
20000f44:	f04f 0300 	mov.w	r3, #0
20000f48:	607b      	str	r3, [r7, #4]
            }
        }
    }
    
    if ( 0uL == fclk )
20000f4a:	687b      	ldr	r3, [r7, #4]
20000f4c:	2b00      	cmp	r3, #0
20000f4e:	d105      	bne.n	20000f5c <GetSystemClock+0xd8>
        /* 
         * Could not retrieve FCLK from system boot configuration data. Fall back
         * to using SMARTFUSION_FCLK_FREQ which must then be defined as part of
         * project settings.
         */
        ASSERT( SMARTFUSION_FCLK_FREQ_DEFINED );
20000f50:	be00      	bkpt	0x0000
        fclk = SMARTFUSION_FCLK_FREQ;
20000f52:	f647 0340 	movw	r3, #30784	; 0x7840
20000f56:	f2c0 137d 	movt	r3, #381	; 0x17d
20000f5a:	607b      	str	r3, [r7, #4]
    }
    
    return fclk;
20000f5c:	687b      	ldr	r3, [r7, #4]
}
20000f5e:	4618      	mov	r0, r3
20000f60:	f107 072c 	add.w	r7, r7, #44	; 0x2c
20000f64:	46bd      	mov	sp, r7
20000f66:	bc80      	pop	{r7}
20000f68:	4770      	bx	lr
20000f6a:	bf00      	nop

20000f6c <__libc_init_array>:
20000f6c:	b570      	push	{r4, r5, r6, lr}
20000f6e:	f640 76e4 	movw	r6, #4068	; 0xfe4
20000f72:	f640 75e4 	movw	r5, #4068	; 0xfe4
20000f76:	f2c2 0600 	movt	r6, #8192	; 0x2000
20000f7a:	f2c2 0500 	movt	r5, #8192	; 0x2000
20000f7e:	1b76      	subs	r6, r6, r5
20000f80:	10b6      	asrs	r6, r6, #2
20000f82:	d006      	beq.n	20000f92 <__libc_init_array+0x26>
20000f84:	2400      	movs	r4, #0
20000f86:	f855 3024 	ldr.w	r3, [r5, r4, lsl #2]
20000f8a:	3401      	adds	r4, #1
20000f8c:	4798      	blx	r3
20000f8e:	42a6      	cmp	r6, r4
20000f90:	d8f9      	bhi.n	20000f86 <__libc_init_array+0x1a>
20000f92:	f640 75e4 	movw	r5, #4068	; 0xfe4
20000f96:	f640 76e8 	movw	r6, #4072	; 0xfe8
20000f9a:	f2c2 0500 	movt	r5, #8192	; 0x2000
20000f9e:	f2c2 0600 	movt	r6, #8192	; 0x2000
20000fa2:	1b76      	subs	r6, r6, r5
20000fa4:	f000 f812 	bl	20000fcc <_init>
20000fa8:	10b6      	asrs	r6, r6, #2
20000faa:	d006      	beq.n	20000fba <__libc_init_array+0x4e>
20000fac:	2400      	movs	r4, #0
20000fae:	f855 3024 	ldr.w	r3, [r5, r4, lsl #2]
20000fb2:	3401      	adds	r4, #1
20000fb4:	4798      	blx	r3
20000fb6:	42a6      	cmp	r6, r4
20000fb8:	d8f9      	bhi.n	20000fae <__libc_init_array+0x42>
20000fba:	bd70      	pop	{r4, r5, r6, pc}

20000fbc <C.18.2576>:
20000fbc:	0001 0000 0002 0000 0004 0000 0001 0000     ................

20000fcc <_init>:
20000fcc:	b5f8      	push	{r3, r4, r5, r6, r7, lr}
20000fce:	bf00      	nop
20000fd0:	bcf8      	pop	{r3, r4, r5, r6, r7}
20000fd2:	bc08      	pop	{r3}
20000fd4:	469e      	mov	lr, r3
20000fd6:	4770      	bx	lr

20000fd8 <_fini>:
20000fd8:	b5f8      	push	{r3, r4, r5, r6, r7, lr}
20000fda:	bf00      	nop
20000fdc:	bcf8      	pop	{r3, r4, r5, r6, r7}
20000fde:	bc08      	pop	{r3}
20000fe0:	469e      	mov	lr, r3
20000fe2:	4770      	bx	lr

20000fe4 <__frame_dummy_init_array_entry>:
20000fe4:	0485 2000                                   ... 

20000fe8 <__do_global_dtors_aux_fini_array_entry>:
20000fe8:	0471 2000                                   q.. 
